TpTrace Verbose: 0 : 26672, 1, 2023/02/21, 17:24:03.792, 7231369521391, vstest.console.dll, Version: 17.3.0-release-20220708-01 Current process architecture: X64
TpTrace Verbose: 0 : 26672, 1, 2023/02/21, 17:24:03.794, 7231369535895, vstest.console.dll, Runtime location: C:\Program Files\dotnet\shared\Microsoft.NETCore.App\6.0.8
TpTrace Information: 0 : 26672, 1, 2023/02/21, 17:24:03.799, 7231369585299, vstest.console.dll, FilePatternParser: The given file D:\Training\Programming\TDD\BagsOrganizer\BagsOrganizerTests\bin\Debug\net6.0\fine-code-coverage\build-output\BagsOrganizerTests.dll is a full path.
TpTrace Verbose: 0 : 26672, 1, 2023/02/21, 17:24:03.803, 7231369624743, vstest.console.dll, TestPluginCache.DiscoverTestExtensions: finding test extensions in assemblies ends with: RuntimeProvider.dll TPluginInfo: Microsoft.VisualStudio.TestPlatform.Common.ExtensionFramework.Utilities.TestRuntimePluginInformation TExtension: Microsoft.VisualStudio.TestPlatform.ObjectModel.Host.ITestRuntimeProvider
TpTrace Verbose: 0 : 26672, 1, 2023/02/21, 17:24:03.803, 7231369630464, vstest.console.dll, TestPluginCache.GetExtensionPaths: Filtered extension paths: 
TpTrace Verbose: 0 : 26672, 1, 2023/02/21, 17:24:03.803, 7231369631192, vstest.console.dll, TestPluginCache.GetExtensionPaths: Added default extension paths: C:\Program Files\dotnet\sdk\6.0.400\Extensions\Microsoft.Diagnostics.NETCore.Client.dll
C:\Program Files\dotnet\sdk\6.0.400\Extensions\Microsoft.TestPlatform.Extensions.BlameDataCollector.dll
C:\Program Files\dotnet\sdk\6.0.400\Extensions\Microsoft.TestPlatform.Extensions.EventLogCollector.dll
C:\Program Files\dotnet\sdk\6.0.400\Extensions\Microsoft.TestPlatform.TestHostRuntimeProvider.dll
C:\Program Files\dotnet\sdk\6.0.400\Extensions\Microsoft.VisualStudio.TestPlatform.Extensions.Html.TestLogger.dll
C:\Program Files\dotnet\sdk\6.0.400\Extensions\Microsoft.VisualStudio.TestPlatform.Extensions.Trx.TestLogger.dll
TpTrace Verbose: 0 : 26672, 1, 2023/02/21, 17:24:03.803, 7231369631524, vstest.console.dll, TestPluginCache.GetExtensionPaths: Added unfilterableExtensionPaths: 
TpTrace Information: 0 : 26672, 1, 2023/02/21, 17:24:03.804, 7231369636752, vstest.console.dll, AssemblyResolver.ctor: Creating AssemblyResolver with searchDirectories C:\Program Files\dotnet\sdk\6.0.400\Extensions,C:\Program Files\dotnet\sdk\6.0.400
TpTrace Verbose: 0 : 26672, 1, 2023/02/21, 17:24:03.804, 7231369642957, vstest.console.dll, TestPluginCache.DiscoverTestExtensions: Discovering the extensions using extension path.
TpTrace Verbose: 0 : 26672, 1, 2023/02/21, 17:24:03.804, 7231369643815, vstest.console.dll, TestPluginCache.GetExtensionPaths: Filtered extension paths: 
TpTrace Verbose: 0 : 26672, 1, 2023/02/21, 17:24:03.804, 7231369644131, vstest.console.dll, TestPluginCache.GetExtensionPaths: Added default extension paths: C:\Program Files\dotnet\sdk\6.0.400\Extensions\Microsoft.Diagnostics.NETCore.Client.dll
C:\Program Files\dotnet\sdk\6.0.400\Extensions\Microsoft.TestPlatform.Extensions.BlameDataCollector.dll
C:\Program Files\dotnet\sdk\6.0.400\Extensions\Microsoft.TestPlatform.Extensions.EventLogCollector.dll
C:\Program Files\dotnet\sdk\6.0.400\Extensions\Microsoft.TestPlatform.TestHostRuntimeProvider.dll
C:\Program Files\dotnet\sdk\6.0.400\Extensions\Microsoft.VisualStudio.TestPlatform.Extensions.Html.TestLogger.dll
C:\Program Files\dotnet\sdk\6.0.400\Extensions\Microsoft.VisualStudio.TestPlatform.Extensions.Trx.TestLogger.dll
TpTrace Verbose: 0 : 26672, 1, 2023/02/21, 17:24:03.804, 7231369644441, vstest.console.dll, TestPluginCache.GetExtensionPaths: Added unfilterableExtensionPaths: 
TpTrace Verbose: 0 : 26672, 1, 2023/02/21, 17:24:03.805, 7231369644872, vstest.console.dll, TestPluginCache.DiscoverTestExtensions: Discovering the extensions using allExtensionPaths: C:\Program Files\dotnet\sdk\6.0.400\Extensions\Microsoft.Diagnostics.NETCore.Client.dll
C:\Program Files\dotnet\sdk\6.0.400\Extensions\Microsoft.TestPlatform.Extensions.BlameDataCollector.dll
C:\Program Files\dotnet\sdk\6.0.400\Extensions\Microsoft.TestPlatform.Extensions.EventLogCollector.dll
C:\Program Files\dotnet\sdk\6.0.400\Extensions\Microsoft.TestPlatform.TestHostRuntimeProvider.dll
C:\Program Files\dotnet\sdk\6.0.400\Extensions\Microsoft.VisualStudio.TestPlatform.Extensions.Html.TestLogger.dll
C:\Program Files\dotnet\sdk\6.0.400\Extensions\Microsoft.VisualStudio.TestPlatform.Extensions.Trx.TestLogger.dll
TpTrace Information: 0 : 26672, 1, 2023/02/21, 17:24:03.805, 7231369646083, vstest.console.dll, AssemblyResolver.AddSearchDirectories: Adding more searchDirectories C:\Program Files\dotnet\sdk\6.0.400\Extensions,C:\Program Files\dotnet\sdk\6.0.400
TpTrace Information: 0 : 26672, 1, 2023/02/21, 17:24:03.805, 7231369646493, vstest.console.dll, AssemblyResolver.AddSearchDirectories: Adding more searchDirectories C:\Program Files\dotnet\sdk\6.0.400\Extensions,C:\Program Files\dotnet\sdk\6.0.400
TpTrace Information: 0 : 26672, 1, 2023/02/21, 17:24:03.805, 7231369646785, vstest.console.dll, AssemblyResolver.AddSearchDirectories: Adding more searchDirectories C:\Program Files\dotnet\sdk\6.0.400\Extensions,C:\Program Files\dotnet\sdk\6.0.400
TpTrace Information: 0 : 26672, 1, 2023/02/21, 17:24:03.805, 7231369647025, vstest.console.dll, AssemblyResolver.AddSearchDirectories: Adding more searchDirectories C:\Program Files\dotnet\sdk\6.0.400\Extensions,C:\Program Files\dotnet\sdk\6.0.400
TpTrace Information: 0 : 26672, 1, 2023/02/21, 17:24:03.805, 7231369647246, vstest.console.dll, AssemblyResolver.AddSearchDirectories: Adding more searchDirectories C:\Program Files\dotnet\sdk\6.0.400\Extensions,C:\Program Files\dotnet\sdk\6.0.400
TpTrace Information: 0 : 26672, 1, 2023/02/21, 17:24:03.805, 7231369647462, vstest.console.dll, AssemblyResolver.AddSearchDirectories: Adding more searchDirectories C:\Program Files\dotnet\sdk\6.0.400\Extensions,C:\Program Files\dotnet\sdk\6.0.400
TpTrace Information: 0 : 26672, 1, 2023/02/21, 17:24:03.805, 7231369650029, vstest.console.dll, AssemblyResolver.OnResolve: Microsoft.Diagnostics.NETCore.Client: Resolving assembly.
TpTrace Information: 0 : 26672, 1, 2023/02/21, 17:24:03.805, 7231369650578, vstest.console.dll, AssemblyResolver.OnResolve: Microsoft.Diagnostics.NETCore.Client: Searching in: 'C:\Program Files\dotnet\sdk\6.0.400\Extensions'.
TpTrace Information: 0 : 26672, 1, 2023/02/21, 17:24:03.805, 7231369653543, vstest.console.dll, AssemblyResolver.OnResolve: Microsoft.Diagnostics.NETCore.Client: Loading assembly 'C:\Program Files\dotnet\sdk\6.0.400\Extensions\Microsoft.Diagnostics.NETCore.Client.dll'.
TpTrace Information: 0 : 26672, 1, 2023/02/21, 17:24:03.806, 7231369657167, vstest.console.dll, AssemblyResolver.OnResolve: Resolved assembly: Microsoft.Diagnostics.NETCore.Client, from path: C:\Program Files\dotnet\sdk\6.0.400\Extensions\Microsoft.Diagnostics.NETCore.Client.dll
TpTrace Verbose: 0 : 26672, 1, 2023/02/21, 17:24:03.810, 7231369704511, vstest.console.dll, MetadataReaderExtensionsHelper: Discovering extensions inside assembly 'Microsoft.Diagnostics.NETCore.Client, Version=0.2.5.801, Culture=neutral, PublicKeyToken=31bf3856ad364e35' file path 'C:\Program Files\dotnet\sdk\6.0.400\Extensions\Microsoft.Diagnostics.NETCore.Client.dll'
TpTrace Information: 0 : 26672, 1, 2023/02/21, 17:24:03.818, 7231369781205, vstest.console.dll, AssemblyResolver.OnResolve: Microsoft.Bcl.AsyncInterfaces: Resolving assembly.
TpTrace Information: 0 : 26672, 1, 2023/02/21, 17:24:03.818, 7231369782024, vstest.console.dll, AssemblyResolver.OnResolve: Microsoft.Bcl.AsyncInterfaces: Searching in: 'C:\Program Files\dotnet\sdk\6.0.400\Extensions'.
TpTrace Information: 0 : 26672, 1, 2023/02/21, 17:24:03.818, 7231369782724, vstest.console.dll, AssemblyResolver.OnResolve: Microsoft.Bcl.AsyncInterfaces: Assembly path does not exist: 'C:\Program Files\dotnet\sdk\6.0.400\Extensions\Microsoft.Bcl.AsyncInterfaces.dll', returning.
TpTrace Information: 0 : 26672, 1, 2023/02/21, 17:24:03.818, 7231369783208, vstest.console.dll, AssemblyResolver.OnResolve: Microsoft.Bcl.AsyncInterfaces: Assembly path does not exist: 'C:\Program Files\dotnet\sdk\6.0.400\Extensions\Microsoft.Bcl.AsyncInterfaces.exe', returning.
TpTrace Information: 0 : 26672, 1, 2023/02/21, 17:24:03.818, 7231369783821, vstest.console.dll, AssemblyResolver.OnResolve: Microsoft.Bcl.AsyncInterfaces: Searching in: 'C:\Program Files\dotnet\sdk\6.0.400'.
TpTrace Information: 0 : 26672, 1, 2023/02/21, 17:24:03.818, 7231369784445, vstest.console.dll, AssemblyResolver.OnResolve: Microsoft.Bcl.AsyncInterfaces: Assembly path does not exist: 'C:\Program Files\dotnet\sdk\6.0.400\Microsoft.Bcl.AsyncInterfaces.dll', returning.
TpTrace Information: 0 : 26672, 1, 2023/02/21, 17:24:03.819, 7231369784948, vstest.console.dll, AssemblyResolver.OnResolve: Microsoft.Bcl.AsyncInterfaces: Assembly path does not exist: 'C:\Program Files\dotnet\sdk\6.0.400\Microsoft.Bcl.AsyncInterfaces.exe', returning.
TpTrace Information: 0 : 26672, 1, 2023/02/21, 17:24:03.819, 7231369785178, vstest.console.dll, AssemblyResolver.OnResolve: Microsoft.Bcl.AsyncInterfaces: Failed to load assembly.
TpTrace Verbose: 0 : 26672, 1, 2023/02/21, 17:24:03.819, 7231369785463, vstest.console.dll, CurrentDomainAssemblyResolve: Resolving assembly 'Microsoft.Bcl.AsyncInterfaces'.
TpTrace Information: 0 : 26672, 1, 2023/02/21, 17:24:03.819, 7231369785918, vstest.console.dll, AssemblyResolver.OnResolve: Microsoft.Bcl.AsyncInterfaces: Resolving assembly.
TpTrace Information: 0 : 26672, 1, 2023/02/21, 17:24:03.819, 7231369786219, vstest.console.dll, AssemblyResolver.OnResolve: Microsoft.Bcl.AsyncInterfaces: Resolved from cache.
TpTrace Verbose: 0 : 26672, 1, 2023/02/21, 17:24:03.819, 7231369786513, vstest.console.dll, CurrentDomainAssemblyResolve: Resolving assembly 'Microsoft.Bcl.AsyncInterfaces'.
TpTrace Verbose: 0 : 26672, 1, 2023/02/21, 17:24:03.819, 7231369786781, vstest.console.dll, CurrentDomainAssemblyResolve: Failed to resolve assembly 'Microsoft.Bcl.AsyncInterfaces'.
TpTrace Verbose: 0 : 26672, 1, 2023/02/21, 17:24:03.819, 7231369789953, vstest.console.dll, CurrentDomainAssemblyResolve: Failed to resolve assembly 'Microsoft.Bcl.AsyncInterfaces'.
TpTrace Warning: 0 : 26672, 1, 2023/02/21, 17:24:03.827, 7231369870118, vstest.console.dll, TestPluginDiscoverer: Failed to get types from assembly 'Microsoft.Diagnostics.NETCore.Client, Version=0.2.5.801, Culture=neutral, PublicKeyToken=31bf3856ad364e35'. Error: System.Reflection.ReflectionTypeLoadException: Unable to load one or more of the requested types.
Could not load file or assembly 'Microsoft.Bcl.AsyncInterfaces, Version=1.0.0.0, Culture=neutral, PublicKeyToken=cc7b13ffcd2ddd51'. El sistema no puede encontrar el archivo especificado.
   at System.Reflection.RuntimeModule.GetTypes(RuntimeModule module)
   at System.Reflection.Assembly.GetTypes()
   at Microsoft.VisualStudio.TestPlatform.Common.ExtensionFramework.TestPluginDiscoverer.GetTestExtensionsFromAssembly[TPluginInfo,TExtension](Assembly assembly, Dictionary`2 pluginInfos, String filePath)
System.IO.FileNotFoundException: Could not load file or assembly 'Microsoft.Bcl.AsyncInterfaces, Version=1.0.0.0, Culture=neutral, PublicKeyToken=cc7b13ffcd2ddd51'. El sistema no puede encontrar el archivo especificado.
File name: 'Microsoft.Bcl.AsyncInterfaces, Version=1.0.0.0, Culture=neutral, PublicKeyToken=cc7b13ffcd2ddd51'
 ---> System.IO.FileNotFoundException: Could not load file or assembly 'Microsoft.Bcl.AsyncInterfaces, Culture=neutral, PublicKeyToken=null'. El sistema no puede encontrar el archivo especificado.
File name: 'Microsoft.Bcl.AsyncInterfaces, Culture=neutral, PublicKeyToken=null'
   at System.Reflection.RuntimeAssembly.InternalLoad(ObjectHandleOnStack assemblyName, ObjectHandleOnStack requestingAssembly, StackCrawlMarkHandle stackMark, Boolean throwOnFileNotFound, ObjectHandleOnStack assemblyLoadContext, ObjectHandleOnStack retAssembly)
   at System.Reflection.RuntimeAssembly.InternalLoad(AssemblyName assemblyName, RuntimeAssembly requestingAssembly, StackCrawlMark& stackMark, Boolean throwOnFileNotFound, AssemblyLoadContext assemblyLoadContext)
   at System.Reflection.Assembly.Load(AssemblyName assemblyRef)
   at Microsoft.VisualStudio.TestPlatform.Common.ExtensionFramework.TestPluginCache.CurrentDomainAssemblyResolve(Object sender, AssemblyResolveEventArgs args)
   at Microsoft.VisualStudio.TestPlatform.PlatformAbstractions.PlatformAssemblyResolver.AssemblyResolverEvent(Object sender, Object eventArgs)
   at System.Runtime.Loader.AssemblyLoadContext.GetFirstResolvedAssemblyFromResolvingEvent(AssemblyName assemblyName)
   at System.Runtime.Loader.AssemblyLoadContext.ResolveUsingEvent(AssemblyName assemblyName)
   at System.Runtime.Loader.AssemblyLoadContext.ResolveUsingResolvingEvent(IntPtr gchManagedAssemblyLoadContext, AssemblyName assemblyName)
TpTrace Warning: 0 : 26672, 1, 2023/02/21, 17:24:03.827, 7231369873278, vstest.console.dll, LoaderExceptions: System.IO.FileNotFoundException: Could not load file or assembly 'Microsoft.Bcl.AsyncInterfaces, Version=1.0.0.0, Culture=neutral, PublicKeyToken=cc7b13ffcd2ddd51'. El sistema no puede encontrar el archivo especificado.
File name: 'Microsoft.Bcl.AsyncInterfaces, Version=1.0.0.0, Culture=neutral, PublicKeyToken=cc7b13ffcd2ddd51'
 ---> System.IO.FileNotFoundException: Could not load file or assembly 'Microsoft.Bcl.AsyncInterfaces, Culture=neutral, PublicKeyToken=null'. El sistema no puede encontrar el archivo especificado.
File name: 'Microsoft.Bcl.AsyncInterfaces, Culture=neutral, PublicKeyToken=null'
   at System.Reflection.RuntimeAssembly.InternalLoad(ObjectHandleOnStack assemblyName, ObjectHandleOnStack requestingAssembly, StackCrawlMarkHandle stackMark, Boolean throwOnFileNotFound, ObjectHandleOnStack assemblyLoadContext, ObjectHandleOnStack retAssembly)
   at System.Reflection.RuntimeAssembly.InternalLoad(AssemblyName assemblyName, RuntimeAssembly requestingAssembly, StackCrawlMark& stackMark, Boolean throwOnFileNotFound, AssemblyLoadContext assemblyLoadContext)
   at System.Reflection.Assembly.Load(AssemblyName assemblyRef)
   at Microsoft.VisualStudio.TestPlatform.Common.ExtensionFramework.TestPluginCache.CurrentDomainAssemblyResolve(Object sender, AssemblyResolveEventArgs args)
   at Microsoft.VisualStudio.TestPlatform.PlatformAbstractions.PlatformAssemblyResolver.AssemblyResolverEvent(Object sender, Object eventArgs)
   at System.Runtime.Loader.AssemblyLoadContext.GetFirstResolvedAssemblyFromResolvingEvent(AssemblyName assemblyName)
   at System.Runtime.Loader.AssemblyLoadContext.ResolveUsingEvent(AssemblyName assemblyName)
   at System.Runtime.Loader.AssemblyLoadContext.ResolveUsingResolvingEvent(IntPtr gchManagedAssemblyLoadContext, AssemblyName assemblyName)
TpTrace Information: 0 : 26672, 1, 2023/02/21, 17:24:03.827, 7231369874562, vstest.console.dll, AssemblyResolver.OnResolve: Microsoft.TestPlatform.Extensions.BlameDataCollector: Resolving assembly.
TpTrace Information: 0 : 26672, 1, 2023/02/21, 17:24:03.828, 7231369874912, vstest.console.dll, AssemblyResolver.OnResolve: Microsoft.TestPlatform.Extensions.BlameDataCollector: Searching in: 'C:\Program Files\dotnet\sdk\6.0.400\Extensions'.
TpTrace Information: 0 : 26672, 1, 2023/02/21, 17:24:03.828, 7231369876870, vstest.console.dll, AssemblyResolver.OnResolve: Microsoft.TestPlatform.Extensions.BlameDataCollector: Loading assembly 'C:\Program Files\dotnet\sdk\6.0.400\Extensions\Microsoft.TestPlatform.Extensions.BlameDataCollector.dll'.
TpTrace Information: 0 : 26672, 1, 2023/02/21, 17:24:03.828, 7231369879907, vstest.console.dll, AssemblyResolver.OnResolve: Resolved assembly: Microsoft.TestPlatform.Extensions.BlameDataCollector, from path: C:\Program Files\dotnet\sdk\6.0.400\Extensions\Microsoft.TestPlatform.Extensions.BlameDataCollector.dll
TpTrace Verbose: 0 : 26672, 1, 2023/02/21, 17:24:03.828, 7231369880504, vstest.console.dll, MetadataReaderExtensionsHelper: Discovering extensions inside assembly 'Microsoft.TestPlatform.Extensions.BlameDataCollector, Version=15.0.0.0, Culture=neutral, PublicKeyToken=b03f5f7f11d50a3a' file path 'C:\Program Files\dotnet\sdk\6.0.400\Extensions\Microsoft.TestPlatform.Extensions.BlameDataCollector.dll'
TpTrace Information: 0 : 26672, 1, 2023/02/21, 17:24:03.829, 7231369889017, vstest.console.dll, AssemblyResolver.OnResolve: Microsoft.TestPlatform.Extensions.EventLogCollector: Resolving assembly.
TpTrace Information: 0 : 26672, 1, 2023/02/21, 17:24:03.829, 7231369889818, vstest.console.dll, AssemblyResolver.OnResolve: Microsoft.TestPlatform.Extensions.EventLogCollector: Searching in: 'C:\Program Files\dotnet\sdk\6.0.400\Extensions'.
TpTrace Information: 0 : 26672, 1, 2023/02/21, 17:24:03.829, 7231369891690, vstest.console.dll, AssemblyResolver.OnResolve: Microsoft.TestPlatform.Extensions.EventLogCollector: Loading assembly 'C:\Program Files\dotnet\sdk\6.0.400\Extensions\Microsoft.TestPlatform.Extensions.EventLogCollector.dll'.
TpTrace Information: 0 : 26672, 1, 2023/02/21, 17:24:03.829, 7231369893966, vstest.console.dll, AssemblyResolver.OnResolve: Resolved assembly: Microsoft.TestPlatform.Extensions.EventLogCollector, from path: C:\Program Files\dotnet\sdk\6.0.400\Extensions\Microsoft.TestPlatform.Extensions.EventLogCollector.dll
TpTrace Verbose: 0 : 26672, 1, 2023/02/21, 17:24:03.829, 7231369894503, vstest.console.dll, MetadataReaderExtensionsHelper: Discovering extensions inside assembly 'Microsoft.TestPlatform.Extensions.EventLogCollector, Version=15.0.0.0, Culture=neutral, PublicKeyToken=b03f5f7f11d50a3a' file path 'C:\Program Files\dotnet\sdk\6.0.400\Extensions\Microsoft.TestPlatform.Extensions.EventLogCollector.dll'
TpTrace Information: 0 : 26672, 1, 2023/02/21, 17:24:03.831, 7231369907226, vstest.console.dll, AssemblyResolver.OnResolve: Microsoft.TestPlatform.TestHostRuntimeProvider: Resolving assembly.
TpTrace Information: 0 : 26672, 1, 2023/02/21, 17:24:03.831, 7231369907651, vstest.console.dll, AssemblyResolver.OnResolve: Microsoft.TestPlatform.TestHostRuntimeProvider: Searching in: 'C:\Program Files\dotnet\sdk\6.0.400\Extensions'.
TpTrace Information: 0 : 26672, 1, 2023/02/21, 17:24:03.831, 7231369909392, vstest.console.dll, AssemblyResolver.OnResolve: Microsoft.TestPlatform.TestHostRuntimeProvider: Loading assembly 'C:\Program Files\dotnet\sdk\6.0.400\Extensions\Microsoft.TestPlatform.TestHostRuntimeProvider.dll'.
TpTrace Information: 0 : 26672, 1, 2023/02/21, 17:24:03.831, 7231369912041, vstest.console.dll, AssemblyResolver.OnResolve: Resolved assembly: Microsoft.TestPlatform.TestHostRuntimeProvider, from path: C:\Program Files\dotnet\sdk\6.0.400\Extensions\Microsoft.TestPlatform.TestHostRuntimeProvider.dll
TpTrace Verbose: 0 : 26672, 1, 2023/02/21, 17:24:03.831, 7231369912569, vstest.console.dll, MetadataReaderExtensionsHelper: Discovering extensions inside assembly 'Microsoft.TestPlatform.TestHostRuntimeProvider, Version=15.0.0.0, Culture=neutral, PublicKeyToken=b03f5f7f11d50a3a' file path 'C:\Program Files\dotnet\sdk\6.0.400\Extensions\Microsoft.TestPlatform.TestHostRuntimeProvider.dll'
TpTrace Information: 0 : 26672, 1, 2023/02/21, 17:24:03.833, 7231369925182, vstest.console.dll, GetTestExtensionFromType: Register extension with identifier data 'HostProvider://DefaultTestHost' and type 'Microsoft.VisualStudio.TestPlatform.CrossPlatEngine.Hosting.DefaultTestHostManager, Microsoft.TestPlatform.TestHostRuntimeProvider, Version=15.0.0.0, Culture=neutral, PublicKeyToken=b03f5f7f11d50a3a' inside file 'C:\Program Files\dotnet\sdk\6.0.400\Extensions\Microsoft.TestPlatform.TestHostRuntimeProvider.dll'
TpTrace Information: 0 : 26672, 1, 2023/02/21, 17:24:03.833, 7231369925831, vstest.console.dll, GetTestExtensionFromType: Register extension with identifier data 'HostProvider://DotnetTestHost' and type 'Microsoft.VisualStudio.TestPlatform.CrossPlatEngine.Hosting.DotnetTestHostManager, Microsoft.TestPlatform.TestHostRuntimeProvider, Version=15.0.0.0, Culture=neutral, PublicKeyToken=b03f5f7f11d50a3a' inside file 'C:\Program Files\dotnet\sdk\6.0.400\Extensions\Microsoft.TestPlatform.TestHostRuntimeProvider.dll'
TpTrace Information: 0 : 26672, 1, 2023/02/21, 17:24:03.833, 7231369926374, vstest.console.dll, AssemblyResolver.OnResolve: Microsoft.VisualStudio.TestPlatform.Extensions.Html.TestLogger: Resolving assembly.
TpTrace Information: 0 : 26672, 1, 2023/02/21, 17:24:03.833, 7231369926655, vstest.console.dll, AssemblyResolver.OnResolve: Microsoft.VisualStudio.TestPlatform.Extensions.Html.TestLogger: Searching in: 'C:\Program Files\dotnet\sdk\6.0.400\Extensions'.
TpTrace Information: 0 : 26672, 1, 2023/02/21, 17:24:03.833, 7231369928548, vstest.console.dll, AssemblyResolver.OnResolve: Microsoft.VisualStudio.TestPlatform.Extensions.Html.TestLogger: Loading assembly 'C:\Program Files\dotnet\sdk\6.0.400\Extensions\Microsoft.VisualStudio.TestPlatform.Extensions.Html.TestLogger.dll'.
TpTrace Information: 0 : 26672, 1, 2023/02/21, 17:24:03.833, 7231369931124, vstest.console.dll, AssemblyResolver.OnResolve: Resolved assembly: Microsoft.VisualStudio.TestPlatform.Extensions.Html.TestLogger, from path: C:\Program Files\dotnet\sdk\6.0.400\Extensions\Microsoft.VisualStudio.TestPlatform.Extensions.Html.TestLogger.dll
TpTrace Verbose: 0 : 26672, 1, 2023/02/21, 17:24:03.833, 7231369931616, vstest.console.dll, MetadataReaderExtensionsHelper: Discovering extensions inside assembly 'Microsoft.VisualStudio.TestPlatform.Extensions.Html.TestLogger, Version=15.0.0.0, Culture=neutral, PublicKeyToken=b03f5f7f11d50a3a' file path 'C:\Program Files\dotnet\sdk\6.0.400\Extensions\Microsoft.VisualStudio.TestPlatform.Extensions.Html.TestLogger.dll'
TpTrace Information: 0 : 26672, 1, 2023/02/21, 17:24:03.834, 7231369936067, vstest.console.dll, AssemblyResolver.OnResolve: Microsoft.VisualStudio.TestPlatform.Extensions.Trx.TestLogger: Resolving assembly.
TpTrace Information: 0 : 26672, 1, 2023/02/21, 17:24:03.834, 7231369936793, vstest.console.dll, AssemblyResolver.OnResolve: Microsoft.VisualStudio.TestPlatform.Extensions.Trx.TestLogger: Searching in: 'C:\Program Files\dotnet\sdk\6.0.400\Extensions'.
TpTrace Information: 0 : 26672, 1, 2023/02/21, 17:24:03.834, 7231369938816, vstest.console.dll, AssemblyResolver.OnResolve: Microsoft.VisualStudio.TestPlatform.Extensions.Trx.TestLogger: Loading assembly 'C:\Program Files\dotnet\sdk\6.0.400\Extensions\Microsoft.VisualStudio.TestPlatform.Extensions.Trx.TestLogger.dll'.
TpTrace Information: 0 : 26672, 1, 2023/02/21, 17:24:03.834, 7231369941548, vstest.console.dll, AssemblyResolver.OnResolve: Resolved assembly: Microsoft.VisualStudio.TestPlatform.Extensions.Trx.TestLogger, from path: C:\Program Files\dotnet\sdk\6.0.400\Extensions\Microsoft.VisualStudio.TestPlatform.Extensions.Trx.TestLogger.dll
TpTrace Verbose: 0 : 26672, 1, 2023/02/21, 17:24:03.834, 7231369942018, vstest.console.dll, MetadataReaderExtensionsHelper: Discovering extensions inside assembly 'Microsoft.VisualStudio.TestPlatform.Extensions.Trx.TestLogger, Version=15.0.0.0, Culture=neutral, PublicKeyToken=b03f5f7f11d50a3a' file path 'C:\Program Files\dotnet\sdk\6.0.400\Extensions\Microsoft.VisualStudio.TestPlatform.Extensions.Trx.TestLogger.dll'
TpTrace Verbose: 0 : 26672, 1, 2023/02/21, 17:24:03.835, 7231369947846, vstest.console.dll, TestPluginCache: Discovered the extensions using extension path ''.
TpTrace Verbose: 0 : 26672, 1, 2023/02/21, 17:24:03.835, 7231369948569, vstest.console.dll, TestPluginCache: Discoverers are ''.
TpTrace Verbose: 0 : 26672, 1, 2023/02/21, 17:24:03.835, 7231369948855, vstest.console.dll, TestPluginCache: Executors are ''.
TpTrace Verbose: 0 : 26672, 1, 2023/02/21, 17:24:03.835, 7231369949195, vstest.console.dll, TestPluginCache: Executors2 are ''.
TpTrace Verbose: 0 : 26672, 1, 2023/02/21, 17:24:03.835, 7231369949371, vstest.console.dll, TestPluginCache: Setting providers are ''.
TpTrace Verbose: 0 : 26672, 1, 2023/02/21, 17:24:03.835, 7231369949547, vstest.console.dll, TestPluginCache: Loggers are ''.
TpTrace Verbose: 0 : 26672, 1, 2023/02/21, 17:24:03.835, 7231369950637, vstest.console.dll, TestPluginCache: TestHosts are 'HostProvider://DefaultTestHost,HostProvider://DotnetTestHost'.
TpTrace Verbose: 0 : 26672, 1, 2023/02/21, 17:24:03.835, 7231369950925, vstest.console.dll, TestPluginCache: DataCollectors are ''.
TpTrace Information: 0 : 26672, 1, 2023/02/21, 17:24:03.844, 7231370042896, vstest.console.dll, RunTestsArgumentProcessor:Execute: Test run is starting.
TpTrace Verbose: 0 : 26672, 1, 2023/02/21, 17:24:03.844, 7231370044526, vstest.console.dll, RunTestsArgumentProcessor:Execute: Queuing Test run.
TpTrace Information: 0 : 26672, 1, 2023/02/21, 17:24:03.845, 7231370048248, vstest.console.dll, TestRequestManager.RunTests: run tests started.
TpTrace Information: 0 : 26672, 1, 2023/02/21, 17:24:03.888, 7231370481042, vstest.console.dll, AssemblyMetadataProvider.GetFrameworkName: Determined framework:'.NETCoreApp,Version=v6.0' for source: 'D:\Training\Programming\TDD\BagsOrganizer\BagsOrganizerTests\bin\Debug\net6.0\fine-code-coverage\build-output\BagsOrganizerTests.dll'
TpTrace Information: 0 : 26672, 1, 2023/02/21, 17:24:03.888, 7231370482652, vstest.console.dll, Determined framework for all sources: .NETCoreApp,Version=v6.0
TpTrace Verbose: 0 : 26672, 1, 2023/02/21, 17:24:03.889, 7231370490823, vstest.console.dll, TestRequestManager.UpdateRunSettingsIfRequired: Default architecture: X64 IsDefaultTargetArchitecture: True, Current process architecture: X64 OperatingSystem: Windows.
TpTrace Information: 0 : 26672, 1, 2023/02/21, 17:24:03.891, 7231370510368, vstest.console.dll, AssemblyMetadataProvider.GetArchitecture: Determined architecture:AnyCPU info for assembly: D:\Training\Programming\TDD\BagsOrganizer\BagsOrganizerTests\bin\Debug\net6.0\fine-code-coverage\build-output\BagsOrganizerTests.dll
TpTrace Information: 0 : 26672, 1, 2023/02/21, 17:24:03.891, 7231370510829, vstest.console.dll, Determined platform for source 'D:\Training\Programming\TDD\BagsOrganizer\BagsOrganizerTests\bin\Debug\net6.0\fine-code-coverage\build-output\BagsOrganizerTests.dll' was AnyCPU and it will use the default plaform X64.
TpTrace Information: 0 : 26672, 1, 2023/02/21, 17:24:03.891, 7231370511118, vstest.console.dll, None of the sources provided any runnable platform, using the default platform: X64
TpTrace Information: 0 : 26672, 1, 2023/02/21, 17:24:03.891, 7231370511699, vstest.console.dll, Platform was updated to 'X64'.
TpTrace Information: 0 : 26672, 1, 2023/02/21, 17:24:03.894, 7231370540368, vstest.console.dll, InferRunSettingsHelper.IsTestSettingsEnabled: Unable to navigate to RunSettings/MSTest. Current node: RunSettings
TpTrace Information: 0 : 26672, 1, 2023/02/21, 17:24:03.895, 7231370545625, vstest.console.dll, AssemblyResolver.OnResolve: Microsoft.VisualStudio.TestPlatform.Fakes: Resolving assembly.
TpTrace Information: 0 : 26672, 1, 2023/02/21, 17:24:03.895, 7231370546099, vstest.console.dll, AssemblyResolver.OnResolve: Microsoft.VisualStudio.TestPlatform.Fakes: Searching in: 'C:\Program Files\dotnet\sdk\6.0.400\Extensions'.
TpTrace Information: 0 : 26672, 1, 2023/02/21, 17:24:03.895, 7231370546862, vstest.console.dll, AssemblyResolver.OnResolve: Microsoft.VisualStudio.TestPlatform.Fakes: Assembly path does not exist: 'C:\Program Files\dotnet\sdk\6.0.400\Extensions\Microsoft.VisualStudio.TestPlatform.Fakes.dll', returning.
TpTrace Information: 0 : 26672, 1, 2023/02/21, 17:24:03.895, 7231370547374, vstest.console.dll, AssemblyResolver.OnResolve: Microsoft.VisualStudio.TestPlatform.Fakes: Assembly path does not exist: 'C:\Program Files\dotnet\sdk\6.0.400\Extensions\Microsoft.VisualStudio.TestPlatform.Fakes.exe', returning.
TpTrace Information: 0 : 26672, 1, 2023/02/21, 17:24:03.895, 7231370547614, vstest.console.dll, AssemblyResolver.OnResolve: Microsoft.VisualStudio.TestPlatform.Fakes: Searching in: 'C:\Program Files\dotnet\sdk\6.0.400'.
TpTrace Information: 0 : 26672, 1, 2023/02/21, 17:24:03.895, 7231370548095, vstest.console.dll, AssemblyResolver.OnResolve: Microsoft.VisualStudio.TestPlatform.Fakes: Assembly path does not exist: 'C:\Program Files\dotnet\sdk\6.0.400\Microsoft.VisualStudio.TestPlatform.Fakes.dll', returning.
TpTrace Information: 0 : 26672, 1, 2023/02/21, 17:24:03.895, 7231370548613, vstest.console.dll, AssemblyResolver.OnResolve: Microsoft.VisualStudio.TestPlatform.Fakes: Assembly path does not exist: 'C:\Program Files\dotnet\sdk\6.0.400\Microsoft.VisualStudio.TestPlatform.Fakes.exe', returning.
TpTrace Information: 0 : 26672, 1, 2023/02/21, 17:24:03.895, 7231370549127, vstest.console.dll, AssemblyResolver.OnResolve: Microsoft.VisualStudio.TestPlatform.Fakes: Failed to load assembly.
TpTrace Information: 0 : 26672, 1, 2023/02/21, 17:24:03.895, 7231370551270, vstest.console.dll, Failed to load assembly Microsoft.VisualStudio.TestPlatform.Fakes, Version=17.0.0.0, Culture=neutral. Reason:System.IO.FileNotFoundException: Could not load file or assembly 'Microsoft.VisualStudio.TestPlatform.Fakes, Version=17.0.0.0, Culture=neutral, PublicKeyToken=null'. El sistema no puede encontrar el archivo especificado.
File name: 'Microsoft.VisualStudio.TestPlatform.Fakes, Version=17.0.0.0, Culture=neutral, PublicKeyToken=null'
   at System.Reflection.RuntimeAssembly.InternalLoad(ObjectHandleOnStack assemblyName, ObjectHandleOnStack requestingAssembly, StackCrawlMarkHandle stackMark, Boolean throwOnFileNotFound, ObjectHandleOnStack assemblyLoadContext, ObjectHandleOnStack retAssembly)
   at System.Reflection.RuntimeAssembly.InternalLoad(AssemblyName assemblyName, RuntimeAssembly requestingAssembly, StackCrawlMark& stackMark, Boolean throwOnFileNotFound, AssemblyLoadContext assemblyLoadContext)
   at System.Reflection.Assembly.Load(AssemblyName assemblyRef)
   at Microsoft.VisualStudio.TestPlatform.Common.Utilities.FakesUtilities.LoadTestPlatformAssembly()
TpTrace Verbose: 0 : 26672, 1, 2023/02/21, 17:24:03.898, 7231370577721, vstest.console.dll, TestPluginCache.DiscoverTestExtensions: finding test extensions in assemblies ends with: TestLogger.dll TPluginInfo: Microsoft.VisualStudio.TestPlatform.Common.ExtensionFramework.Utilities.TestLoggerPluginInformation TExtension: Microsoft.VisualStudio.TestPlatform.ObjectModel.Client.ITestLogger
TpTrace Verbose: 0 : 26672, 1, 2023/02/21, 17:24:03.898, 7231370578311, vstest.console.dll, TestPluginCache.GetExtensionPaths: Filtered extension paths: 
TpTrace Verbose: 0 : 26672, 1, 2023/02/21, 17:24:03.898, 7231370578589, vstest.console.dll, TestPluginCache.GetExtensionPaths: Added default extension paths: C:\Program Files\dotnet\sdk\6.0.400\Extensions\Microsoft.Diagnostics.NETCore.Client.dll
C:\Program Files\dotnet\sdk\6.0.400\Extensions\Microsoft.TestPlatform.Extensions.BlameDataCollector.dll
C:\Program Files\dotnet\sdk\6.0.400\Extensions\Microsoft.TestPlatform.Extensions.EventLogCollector.dll
C:\Program Files\dotnet\sdk\6.0.400\Extensions\Microsoft.TestPlatform.TestHostRuntimeProvider.dll
C:\Program Files\dotnet\sdk\6.0.400\Extensions\Microsoft.VisualStudio.TestPlatform.Extensions.Html.TestLogger.dll
C:\Program Files\dotnet\sdk\6.0.400\Extensions\Microsoft.VisualStudio.TestPlatform.Extensions.Trx.TestLogger.dll
TpTrace Verbose: 0 : 26672, 1, 2023/02/21, 17:24:03.898, 7231370578805, vstest.console.dll, TestPluginCache.GetExtensionPaths: Added unfilterableExtensionPaths: 
TpTrace Information: 0 : 26672, 1, 2023/02/21, 17:24:03.898, 7231370579762, vstest.console.dll, AssemblyResolver.AddSearchDirectories: Adding more searchDirectories C:\Program Files\dotnet\sdk\6.0.400\Extensions,C:\Program Files\dotnet\sdk\6.0.400
TpTrace Verbose: 0 : 26672, 1, 2023/02/21, 17:24:03.898, 7231370580491, vstest.console.dll, TestPluginCache.DiscoverTestExtensions: Discovering the extensions using extension path.
TpTrace Verbose: 0 : 26672, 1, 2023/02/21, 17:24:03.898, 7231370580815, vstest.console.dll, TestPluginCache.GetExtensionPaths: Filtered extension paths: 
TpTrace Verbose: 0 : 26672, 1, 2023/02/21, 17:24:03.898, 7231370581063, vstest.console.dll, TestPluginCache.GetExtensionPaths: Added default extension paths: C:\Program Files\dotnet\sdk\6.0.400\Extensions\Microsoft.Diagnostics.NETCore.Client.dll
C:\Program Files\dotnet\sdk\6.0.400\Extensions\Microsoft.TestPlatform.Extensions.BlameDataCollector.dll
C:\Program Files\dotnet\sdk\6.0.400\Extensions\Microsoft.TestPlatform.Extensions.EventLogCollector.dll
C:\Program Files\dotnet\sdk\6.0.400\Extensions\Microsoft.TestPlatform.TestHostRuntimeProvider.dll
C:\Program Files\dotnet\sdk\6.0.400\Extensions\Microsoft.VisualStudio.TestPlatform.Extensions.Html.TestLogger.dll
C:\Program Files\dotnet\sdk\6.0.400\Extensions\Microsoft.VisualStudio.TestPlatform.Extensions.Trx.TestLogger.dll
TpTrace Verbose: 0 : 26672, 1, 2023/02/21, 17:24:03.898, 7231370581650, vstest.console.dll, TestPluginCache.GetExtensionPaths: Added unfilterableExtensionPaths: 
TpTrace Verbose: 0 : 26672, 1, 2023/02/21, 17:24:03.898, 7231370581940, vstest.console.dll, TestPluginCache.DiscoverTestExtensions: Discovering the extensions using allExtensionPaths: C:\Program Files\dotnet\sdk\6.0.400\Extensions\Microsoft.Diagnostics.NETCore.Client.dll
C:\Program Files\dotnet\sdk\6.0.400\Extensions\Microsoft.TestPlatform.Extensions.BlameDataCollector.dll
C:\Program Files\dotnet\sdk\6.0.400\Extensions\Microsoft.TestPlatform.Extensions.EventLogCollector.dll
C:\Program Files\dotnet\sdk\6.0.400\Extensions\Microsoft.TestPlatform.TestHostRuntimeProvider.dll
C:\Program Files\dotnet\sdk\6.0.400\Extensions\Microsoft.VisualStudio.TestPlatform.Extensions.Html.TestLogger.dll
C:\Program Files\dotnet\sdk\6.0.400\Extensions\Microsoft.VisualStudio.TestPlatform.Extensions.Trx.TestLogger.dll
TpTrace Information: 0 : 26672, 1, 2023/02/21, 17:24:03.898, 7231370582359, vstest.console.dll, AssemblyResolver.AddSearchDirectories: Adding more searchDirectories C:\Program Files\dotnet\sdk\6.0.400\Extensions,C:\Program Files\dotnet\sdk\6.0.400
TpTrace Information: 0 : 26672, 1, 2023/02/21, 17:24:03.898, 7231370582613, vstest.console.dll, AssemblyResolver.AddSearchDirectories: Adding more searchDirectories C:\Program Files\dotnet\sdk\6.0.400\Extensions,C:\Program Files\dotnet\sdk\6.0.400
TpTrace Information: 0 : 26672, 1, 2023/02/21, 17:24:03.898, 7231370582855, vstest.console.dll, AssemblyResolver.AddSearchDirectories: Adding more searchDirectories C:\Program Files\dotnet\sdk\6.0.400\Extensions,C:\Program Files\dotnet\sdk\6.0.400
TpTrace Information: 0 : 26672, 1, 2023/02/21, 17:24:03.898, 7231370583074, vstest.console.dll, AssemblyResolver.AddSearchDirectories: Adding more searchDirectories C:\Program Files\dotnet\sdk\6.0.400\Extensions,C:\Program Files\dotnet\sdk\6.0.400
TpTrace Information: 0 : 26672, 1, 2023/02/21, 17:24:03.898, 7231370583285, vstest.console.dll, AssemblyResolver.AddSearchDirectories: Adding more searchDirectories C:\Program Files\dotnet\sdk\6.0.400\Extensions,C:\Program Files\dotnet\sdk\6.0.400
TpTrace Information: 0 : 26672, 1, 2023/02/21, 17:24:03.898, 7231370583492, vstest.console.dll, AssemblyResolver.AddSearchDirectories: Adding more searchDirectories C:\Program Files\dotnet\sdk\6.0.400\Extensions,C:\Program Files\dotnet\sdk\6.0.400
TpTrace Verbose: 0 : 26672, 1, 2023/02/21, 17:24:03.899, 7231370584731, vstest.console.dll, MetadataReaderExtensionsHelper: Discovering extensions inside assembly 'Microsoft.Diagnostics.NETCore.Client, Version=0.2.5.801, Culture=neutral, PublicKeyToken=31bf3856ad364e35' file path 'C:\Program Files\dotnet\sdk\6.0.400\Extensions\Microsoft.Diagnostics.NETCore.Client.dll'
TpTrace Information: 0 : 26672, 1, 2023/02/21, 17:24:03.899, 7231370589027, vstest.console.dll, AssemblyResolver.OnResolve: Microsoft.Bcl.AsyncInterfaces: Resolving assembly.
TpTrace Information: 0 : 26672, 1, 2023/02/21, 17:24:03.899, 7231370589381, vstest.console.dll, AssemblyResolver.OnResolve: Microsoft.Bcl.AsyncInterfaces: Resolved from cache.
TpTrace Verbose: 0 : 26672, 1, 2023/02/21, 17:24:03.899, 7231370589670, vstest.console.dll, CurrentDomainAssemblyResolve: Resolving assembly 'Microsoft.Bcl.AsyncInterfaces'.
TpTrace Information: 0 : 26672, 1, 2023/02/21, 17:24:03.899, 7231370590045, vstest.console.dll, AssemblyResolver.OnResolve: Microsoft.Bcl.AsyncInterfaces: Resolving assembly.
TpTrace Information: 0 : 26672, 1, 2023/02/21, 17:24:03.899, 7231370590263, vstest.console.dll, AssemblyResolver.OnResolve: Microsoft.Bcl.AsyncInterfaces: Resolved from cache.
TpTrace Verbose: 0 : 26672, 1, 2023/02/21, 17:24:03.899, 7231370590539, vstest.console.dll, CurrentDomainAssemblyResolve: Resolving assembly 'Microsoft.Bcl.AsyncInterfaces'.
TpTrace Verbose: 0 : 26672, 1, 2023/02/21, 17:24:03.899, 7231370590778, vstest.console.dll, CurrentDomainAssemblyResolve: Failed to resolve assembly 'Microsoft.Bcl.AsyncInterfaces'.
TpTrace Verbose: 0 : 26672, 1, 2023/02/21, 17:24:03.899, 7231370591920, vstest.console.dll, CurrentDomainAssemblyResolve: Failed to resolve assembly 'Microsoft.Bcl.AsyncInterfaces'.
TpTrace Warning: 0 : 26672, 1, 2023/02/21, 17:24:03.900, 7231370594850, vstest.console.dll, TestPluginDiscoverer: Failed to get types from assembly 'Microsoft.Diagnostics.NETCore.Client, Version=0.2.5.801, Culture=neutral, PublicKeyToken=31bf3856ad364e35'. Error: System.Reflection.ReflectionTypeLoadException: Unable to load one or more of the requested types.
Could not load file or assembly 'Microsoft.Bcl.AsyncInterfaces, Version=1.0.0.0, Culture=neutral, PublicKeyToken=cc7b13ffcd2ddd51'. El sistema no puede encontrar el archivo especificado.
   at System.Reflection.RuntimeModule.GetTypes(RuntimeModule module)
   at System.Reflection.Assembly.GetTypes()
   at Microsoft.VisualStudio.TestPlatform.Common.ExtensionFramework.TestPluginDiscoverer.GetTestExtensionsFromAssembly[TPluginInfo,TExtension](Assembly assembly, Dictionary`2 pluginInfos, String filePath)
System.IO.FileNotFoundException: Could not load file or assembly 'Microsoft.Bcl.AsyncInterfaces, Version=1.0.0.0, Culture=neutral, PublicKeyToken=cc7b13ffcd2ddd51'. El sistema no puede encontrar el archivo especificado.
File name: 'Microsoft.Bcl.AsyncInterfaces, Version=1.0.0.0, Culture=neutral, PublicKeyToken=cc7b13ffcd2ddd51'
 ---> System.IO.FileNotFoundException: Could not load file or assembly 'Microsoft.Bcl.AsyncInterfaces, Culture=neutral, PublicKeyToken=null'. El sistema no puede encontrar el archivo especificado.
File name: 'Microsoft.Bcl.AsyncInterfaces, Culture=neutral, PublicKeyToken=null'
   at System.Reflection.RuntimeAssembly.InternalLoad(ObjectHandleOnStack assemblyName, ObjectHandleOnStack requestingAssembly, StackCrawlMarkHandle stackMark, Boolean throwOnFileNotFound, ObjectHandleOnStack assemblyLoadContext, ObjectHandleOnStack retAssembly)
   at System.Reflection.RuntimeAssembly.InternalLoad(AssemblyName assemblyName, RuntimeAssembly requestingAssembly, StackCrawlMark& stackMark, Boolean throwOnFileNotFound, AssemblyLoadContext assemblyLoadContext)
   at System.Reflection.Assembly.Load(AssemblyName assemblyRef)
   at Microsoft.VisualStudio.TestPlatform.Common.ExtensionFramework.TestPluginCache.CurrentDomainAssemblyResolve(Object sender, AssemblyResolveEventArgs args)
   at Microsoft.VisualStudio.TestPlatform.PlatformAbstractions.PlatformAssemblyResolver.AssemblyResolverEvent(Object sender, Object eventArgs)
   at System.Runtime.Loader.AssemblyLoadContext.GetFirstResolvedAssemblyFromResolvingEvent(AssemblyName assemblyName)
   at System.Runtime.Loader.AssemblyLoadContext.ResolveUsingEvent(AssemblyName assemblyName)
   at System.Runtime.Loader.AssemblyLoadContext.ResolveUsingResolvingEvent(IntPtr gchManagedAssemblyLoadContext, AssemblyName assemblyName)
TpTrace Warning: 0 : 26672, 1, 2023/02/21, 17:24:03.900, 7231370596709, vstest.console.dll, LoaderExceptions: System.IO.FileNotFoundException: Could not load file or assembly 'Microsoft.Bcl.AsyncInterfaces, Version=1.0.0.0, Culture=neutral, PublicKeyToken=cc7b13ffcd2ddd51'. El sistema no puede encontrar el archivo especificado.
File name: 'Microsoft.Bcl.AsyncInterfaces, Version=1.0.0.0, Culture=neutral, PublicKeyToken=cc7b13ffcd2ddd51'
 ---> System.IO.FileNotFoundException: Could not load file or assembly 'Microsoft.Bcl.AsyncInterfaces, Culture=neutral, PublicKeyToken=null'. El sistema no puede encontrar el archivo especificado.
File name: 'Microsoft.Bcl.AsyncInterfaces, Culture=neutral, PublicKeyToken=null'
   at System.Reflection.RuntimeAssembly.InternalLoad(ObjectHandleOnStack assemblyName, ObjectHandleOnStack requestingAssembly, StackCrawlMarkHandle stackMark, Boolean throwOnFileNotFound, ObjectHandleOnStack assemblyLoadContext, ObjectHandleOnStack retAssembly)
   at System.Reflection.RuntimeAssembly.InternalLoad(AssemblyName assemblyName, RuntimeAssembly requestingAssembly, StackCrawlMark& stackMark, Boolean throwOnFileNotFound, AssemblyLoadContext assemblyLoadContext)
   at System.Reflection.Assembly.Load(AssemblyName assemblyRef)
   at Microsoft.VisualStudio.TestPlatform.Common.ExtensionFramework.TestPluginCache.CurrentDomainAssemblyResolve(Object sender, AssemblyResolveEventArgs args)
   at Microsoft.VisualStudio.TestPlatform.PlatformAbstractions.PlatformAssemblyResolver.AssemblyResolverEvent(Object sender, Object eventArgs)
   at System.Runtime.Loader.AssemblyLoadContext.GetFirstResolvedAssemblyFromResolvingEvent(AssemblyName assemblyName)
   at System.Runtime.Loader.AssemblyLoadContext.ResolveUsingEvent(AssemblyName assemblyName)
   at System.Runtime.Loader.AssemblyLoadContext.ResolveUsingResolvingEvent(IntPtr gchManagedAssemblyLoadContext, AssemblyName assemblyName)
TpTrace Verbose: 0 : 26672, 1, 2023/02/21, 17:24:03.900, 7231370597547, vstest.console.dll, MetadataReaderExtensionsHelper: Discovering extensions inside assembly 'Microsoft.TestPlatform.Extensions.BlameDataCollector, Version=15.0.0.0, Culture=neutral, PublicKeyToken=b03f5f7f11d50a3a' file path 'C:\Program Files\dotnet\sdk\6.0.400\Extensions\Microsoft.TestPlatform.Extensions.BlameDataCollector.dll'
TpTrace Information: 0 : 26672, 1, 2023/02/21, 17:24:03.900, 7231370600727, vstest.console.dll, GetTestExtensionFromType: Register extension with identifier data 'logger://Microsoft/TestPlatform/Extensions/Blame/v1' and type 'Microsoft.TestPlatform.Extensions.BlameDataCollector.BlameLogger, Microsoft.TestPlatform.Extensions.BlameDataCollector, Version=15.0.0.0, Culture=neutral, PublicKeyToken=b03f5f7f11d50a3a' inside file 'C:\Program Files\dotnet\sdk\6.0.400\Extensions\Microsoft.TestPlatform.Extensions.BlameDataCollector.dll'
TpTrace Verbose: 0 : 26672, 1, 2023/02/21, 17:24:03.900, 7231370601257, vstest.console.dll, MetadataReaderExtensionsHelper: Discovering extensions inside assembly 'Microsoft.TestPlatform.Extensions.EventLogCollector, Version=15.0.0.0, Culture=neutral, PublicKeyToken=b03f5f7f11d50a3a' file path 'C:\Program Files\dotnet\sdk\6.0.400\Extensions\Microsoft.TestPlatform.Extensions.EventLogCollector.dll'
TpTrace Verbose: 0 : 26672, 1, 2023/02/21, 17:24:03.900, 7231370603830, vstest.console.dll, MetadataReaderExtensionsHelper: Discovering extensions inside assembly 'Microsoft.TestPlatform.TestHostRuntimeProvider, Version=15.0.0.0, Culture=neutral, PublicKeyToken=b03f5f7f11d50a3a' file path 'C:\Program Files\dotnet\sdk\6.0.400\Extensions\Microsoft.TestPlatform.TestHostRuntimeProvider.dll'
TpTrace Verbose: 0 : 26672, 1, 2023/02/21, 17:24:03.901, 7231370606752, vstest.console.dll, MetadataReaderExtensionsHelper: Discovering extensions inside assembly 'Microsoft.VisualStudio.TestPlatform.Extensions.Html.TestLogger, Version=15.0.0.0, Culture=neutral, PublicKeyToken=b03f5f7f11d50a3a' file path 'C:\Program Files\dotnet\sdk\6.0.400\Extensions\Microsoft.VisualStudio.TestPlatform.Extensions.Html.TestLogger.dll'
TpTrace Information: 0 : 26672, 1, 2023/02/21, 17:24:03.901, 7231370609324, vstest.console.dll, GetTestExtensionFromType: Register extension with identifier data 'logger://Microsoft/TestPlatform/HtmlLogger/v1' and type 'Microsoft.VisualStudio.TestPlatform.Extensions.HtmlLogger.HtmlLogger, Microsoft.VisualStudio.TestPlatform.Extensions.Html.TestLogger, Version=15.0.0.0, Culture=neutral, PublicKeyToken=b03f5f7f11d50a3a' inside file 'C:\Program Files\dotnet\sdk\6.0.400\Extensions\Microsoft.VisualStudio.TestPlatform.Extensions.Html.TestLogger.dll'
TpTrace Verbose: 0 : 26672, 1, 2023/02/21, 17:24:03.901, 7231370609793, vstest.console.dll, MetadataReaderExtensionsHelper: Discovering extensions inside assembly 'Microsoft.VisualStudio.TestPlatform.Extensions.Trx.TestLogger, Version=15.0.0.0, Culture=neutral, PublicKeyToken=b03f5f7f11d50a3a' file path 'C:\Program Files\dotnet\sdk\6.0.400\Extensions\Microsoft.VisualStudio.TestPlatform.Extensions.Trx.TestLogger.dll'
TpTrace Information: 0 : 26672, 1, 2023/02/21, 17:24:03.901, 7231370612355, vstest.console.dll, GetTestExtensionFromType: Register extension with identifier data 'logger://Microsoft/TestPlatform/TrxLogger/v1' and type 'Microsoft.VisualStudio.TestPlatform.Extensions.TrxLogger.TrxLogger, Microsoft.VisualStudio.TestPlatform.Extensions.Trx.TestLogger, Version=15.0.0.0, Culture=neutral, PublicKeyToken=b03f5f7f11d50a3a' inside file 'C:\Program Files\dotnet\sdk\6.0.400\Extensions\Microsoft.VisualStudio.TestPlatform.Extensions.Trx.TestLogger.dll'
TpTrace Verbose: 0 : 26672, 1, 2023/02/21, 17:24:03.901, 7231370612882, vstest.console.dll, TestPluginCache: Discovered the extensions using extension path ''.
TpTrace Verbose: 0 : 26672, 1, 2023/02/21, 17:24:03.901, 7231370613139, vstest.console.dll, TestPluginCache: Discoverers are ''.
TpTrace Verbose: 0 : 26672, 1, 2023/02/21, 17:24:03.901, 7231370613330, vstest.console.dll, TestPluginCache: Executors are ''.
TpTrace Verbose: 0 : 26672, 1, 2023/02/21, 17:24:03.901, 7231370613508, vstest.console.dll, TestPluginCache: Executors2 are ''.
TpTrace Verbose: 0 : 26672, 1, 2023/02/21, 17:24:03.901, 7231370613684, vstest.console.dll, TestPluginCache: Setting providers are ''.
TpTrace Verbose: 0 : 26672, 1, 2023/02/21, 17:24:03.901, 7231370614245, vstest.console.dll, TestPluginCache: Loggers are 'logger://Microsoft/TestPlatform/Extensions/Blame/v1,logger://Microsoft/TestPlatform/HtmlLogger/v1,logger://Microsoft/TestPlatform/TrxLogger/v1'.
TpTrace Verbose: 0 : 26672, 1, 2023/02/21, 17:24:03.901, 7231370614657, vstest.console.dll, TestPluginCache: TestHosts are 'HostProvider://DefaultTestHost,HostProvider://DotnetTestHost'.
TpTrace Verbose: 0 : 26672, 1, 2023/02/21, 17:24:03.902, 7231370614909, vstest.console.dll, TestPluginCache: DataCollectors are ''.
TpTrace Information: 0 : 26672, 1, 2023/02/21, 17:24:03.902, 7231370619862, vstest.console.dll, TestPluginManager.CreateTestExtension: Attempting to load test extension: Microsoft.TestPlatform.Extensions.BlameDataCollector.BlameLogger
TpTrace Verbose: 0 : 26672, 1, 2023/02/21, 17:24:03.906, 7231370658008, vstest.console.dll, TestEngine: Initializing Parallel Execution as MaxCpuCount is set to: 1
TpTrace Information: 0 : 26672, 1, 2023/02/21, 17:24:03.907, 7231370668625, vstest.console.dll, TestPluginManager.CreateTestExtension: Attempting to load test extension: Microsoft.VisualStudio.TestPlatform.CrossPlatEngine.Hosting.DefaultTestHostManager
TpTrace Information: 0 : 26672, 1, 2023/02/21, 17:24:03.907, 7231370673741, vstest.console.dll, TestPluginManager.CreateTestExtension: Attempting to load test extension: Microsoft.VisualStudio.TestPlatform.CrossPlatEngine.Hosting.DotnetTestHostManager
TpTrace Information: 0 : 26672, 1, 2023/02/21, 17:24:03.908, 7231370678058, vstest.console.dll, InferRunSettingsHelper.IsTestSettingsEnabled: Unable to navigate to RunSettings/MSTest. Current node: RunSettings
TpTrace Verbose: 0 : 26672, 1, 2023/02/21, 17:24:03.912, 7231370716084, vstest.console.dll, TestEngine.GetExecutionManager: Chosen execution manager 'Microsoft.VisualStudio.TestPlatform.CrossPlatEngine.Client.Parallel.ParallelProxyExecutionManager, Microsoft.TestPlatform.CrossPlatEngine, Version=15.0.0.0, Culture=neutral, PublicKeyToken=b03f5f7f11d50a3a' ParallelLevel '1'.
TpTrace Verbose: 0 : 26672, 1, 2023/02/21, 17:24:03.912, 7231370717057, vstest.console.dll, TestRunRequest.ExecuteAsync: Creating test run request.
TpTrace Verbose: 0 : 26672, 1, 2023/02/21, 17:24:03.912, 7231370718650, vstest.console.dll, TestRunRequest.ExecuteAsync: Starting.
TpTrace Information: 0 : 26672, 1, 2023/02/21, 17:24:03.912, 7231370721115, vstest.console.dll, TestRunRequest.ExecuteAsync: Starting run with settings:TestRunCriteria:
   KeepAlive=False,FrequencyOfRunStatsChangeEvent=10,RunStatsChangeEventTimeout=00:00:01.5000000,TestCaseFilter=,TestExecutorLauncher=
   Settingsxml=<RunSettings>
  <RunConfiguration>
    <ResultsDirectory>D:\Training\Programming\TDD\BagsOrganizer\BagsOrganizerTests\bin\Debug\net6.0\fine-code-coverage\coverage-tool-output</ResultsDirectory>
    <TargetPlatform>X64</TargetPlatform>
    <TargetFrameworkVersion>.NETCoreApp,Version=v6.0</TargetFrameworkVersion>
    <DesignMode>False</DesignMode>
    <CollectSourceInformation>False</CollectSourceInformation>
  </RunConfiguration>
  <LoggerRunSettings>
    <Loggers>
      <Logger friendlyName="blame" enabled="True" />
      <Logger friendlyName="Console" uri="logger://microsoft/TestPlatform/ConsoleLogger/v1" assemblyQualifiedName="Microsoft.VisualStudio.TestPlatform.CommandLine.Internal.ConsoleLogger, vstest.console, Version=15.0.0.0, Culture=neutral, PublicKeyToken=b03f5f7f11d50a3a" codeBase="C:\Program Files\dotnet\sdk\6.0.400\vstest.console.dll" enabled="True" />
    </Loggers>
  </LoggerRunSettings>
  <DataCollectionRunSettings>
    <DataCollectors>
      <DataCollector friendlyName="blame" enabled="True">
        <Configuration>
          <ResultsDirectory>D:\Training\Programming\TDD\BagsOrganizer\BagsOrganizerTests\bin\Debug\net6.0\fine-code-coverage\coverage-tool-output</ResultsDirectory>
        </Configuration>
      </DataCollector>
    </DataCollectors>
  </DataCollectionRunSettings>
</RunSettings>

TpTrace Verbose: 0 : 26672, 1, 2023/02/21, 17:24:03.912, 7231370721584, vstest.console.dll, TestRunRequest.ExecuteAsync: Wait for the first run request is over.
TpTrace Verbose: 0 : 26672, 1, 2023/02/21, 17:24:03.912, 7231370723686, vstest.console.dll, MulticastDelegateUtilities.SafeInvoke: TestRun.TestRunStart: Invoking callbacks was skipped because there are no subscribers.
TpTrace Verbose: 0 : 26672, 4, 2023/02/21, 17:24:03.913, 7231370726670, vstest.console.dll, MulticastDelegateUtilities.SafeInvoke: InternalTestLoggerEvents.SendTestRunStart: Invoking callback 1/1 for Microsoft.VisualStudio.TestPlatform.CommandLine.Internal.ConsoleLogger.TestRunStartHandler, took 0 ms.
TpTrace Verbose: 0 : 26672, 1, 2023/02/21, 17:24:03.913, 7231370732993, vstest.console.dll, ParallelProxyExecutionManager: Start execution. Total sources: 1
TpTrace Verbose: 0 : 26672, 1, 2023/02/21, 17:24:03.915, 7231370746063, vstest.console.dll, TestRequestSender is acting as server.
TpTrace Verbose: 0 : 26672, 1, 2023/02/21, 17:24:03.916, 7231370757096, vstest.console.dll, DataCollectionRequestSender.InitializeCommunication : Initialize communication. 
TpTrace Information: 0 : 26672, 1, 2023/02/21, 17:24:03.920, 7231370802026, vstest.console.dll, Listening on Endpoint : 127.0.0.1:65495
TpTrace Verbose: 0 : 26672, 1, 2023/02/21, 17:24:03.926, 7231370857653, vstest.console.dll, DotnetDataCollectionLauncher: Adding  --runtimeconfig "C:\Program Files\dotnet\sdk\6.0.400\datacollector.runtimeconfig.json" in args
TpTrace Verbose: 0 : 26672, 1, 2023/02/21, 17:24:03.926, 7231370858648, vstest.console.dll, DotnetDataCollectionLauncher: Adding  --depsfile "C:\Program Files\dotnet\sdk\6.0.400\datacollector.deps.json" in args
TpTrace Verbose: 0 : 26672, 1, 2023/02/21, 17:24:03.926, 7231370859427, vstest.console.dll, DotnetDataCollectionLauncher: Full path of dotnet.exe is C:\Program Files\dotnet\dotnet.exe
TpTrace Information: 0 : 26672, 1, 2023/02/21, 17:24:03.934, 7231370936164, vstest.console.dll, ProxyDataCollectionManager.Initialize: Launched datacollector processId: 22648 port: 65495
TpTrace Information: 0 : 26672, 1, 2023/02/21, 17:24:03.934, 7231370937633, vstest.console.dll, ProxyDataCollectionManager.Initialize: waiting for connection with timeout: 90 seconds
TpTrace Verbose: 0 : 26672, 1, 2023/02/21, 17:24:03.934, 7231370938324, vstest.console.dll, DataCollectionRequestSender.WaitForRequestHandlerConnection : Waiting for connection with timeout: 90000
TpTrace Information: 0 : 26672, 5, 2023/02/21, 17:24:04.036, 7231371957615, vstest.console.dll, Using the buffer size of 16384 bytes
TpTrace Information: 0 : 26672, 5, 2023/02/21, 17:24:04.036, 7231371958877, vstest.console.dll, Accepted Client request and set the flag
TpTrace Verbose: 0 : 26672, 1, 2023/02/21, 17:24:04.036, 7231371958414, vstest.console.dll, SocketCommunicationManager.WaitForClientConnection took: 101 ms, with 90000 ms timeout, and finished with True.
TpTrace Verbose: 0 : 26672, 1, 2023/02/21, 17:24:04.036, 7231371960994, vstest.console.dll, ProxyDataCollectionManager.InvokeDataCollectionServiceAction: Starting.
TpTrace Information: 0 : 26672, 1, 2023/02/21, 17:24:04.036, 7231371962229, vstest.console.dll, ProxyDataCollectionManager.BeforeTestRunStart: Get environment variable and port for datacollector processId: 22648 port: 65495
TpTrace Verbose: 0 : 26672, 1, 2023/02/21, 17:24:04.036, 7231371963399, vstest.console.dll, DataCollectionRequestSender.SendBeforeTestRunStartAndGetResult: Send BeforeTestRunStart message with settingsXml <RunSettings><RunConfiguration><ResultsDirectory>D:\Training\Programming\TDD\BagsOrganizer\BagsOrganizerTests\bin\Debug\net6.0\fine-code-coverage\coverage-tool-output</ResultsDirectory><TargetPlatform>X64</TargetPlatform><TargetFrameworkVersion>.NETCoreApp,Version=v6.0</TargetFrameworkVersion><DesignMode>False</DesignMode><CollectSourceInformation>False</CollectSourceInformation><TestAdaptersPaths>C:\Program Files\dotnet\sdk\6.0.400\Extensions</TestAdaptersPaths></RunConfiguration><LoggerRunSettings><Loggers><Logger friendlyName="blame" enabled="True" /><Logger friendlyName="Console" uri="logger://microsoft/TestPlatform/ConsoleLogger/v1" assemblyQualifiedName="Microsoft.VisualStudio.TestPlatform.CommandLine.Internal.ConsoleLogger, vstest.console, Version=15.0.0.0, Culture=neutral, PublicKeyToken=b03f5f7f11d50a3a" codeBase="C:\Program Files\dotnet\sdk\6.0.400\vstest.console.dll" enabled="True" /></Loggers></LoggerRunSettings><DataCollectionRunSettings><DataCollectors><DataCollector friendlyName="blame" enabled="True"><Configuration><ResultsDirectory>D:\Training\Programming\TDD\BagsOrganizer\BagsOrganizerTests\bin\Debug\net6.0\fine-code-coverage\coverage-tool-output</ResultsDirectory></Configuration></DataCollector></DataCollectors></DataCollectionRunSettings></RunSettings> and sources System.Collections.Generic.List`1[System.String]: 
TpTrace Verbose: 0 : 26672, 1, 2023/02/21, 17:24:04.089, 7231372490626, vstest.console.dll, DataCollectionRequestSender.SendBeforeTestRunStartAndGetResult: Received message: (DataCollection.SendMessage) -> {"MessageType":"DataCollection.SendMessage","Payload":{"FriendlyName":null,"Uri":null,"TestCaseId":"00000000-0000-0000-0000-000000000000","Message":"Logging DataCollector Diagnostics in file: D:\\Training\\Programming\\TDD\\BagsOrganizer\\BagsOrganizerTests\\bin\\Debug\\net6.0\\fine-code-coverage\\coverage-tool-output\\diagnostics.datacollector.23-02-21_17-24-03_92610_1.log","Level":0}}
TpTrace Verbose: 0 : 26672, 1, 2023/02/21, 17:24:04.150, 7231373100502, vstest.console.dll, DataCollectionRequestSender.SendBeforeTestRunStartAndGetResult: Received message: (DataCollection.BeforeTestRunStartResult) -> {"MessageType":"DataCollection.BeforeTestRunStartResult","Payload":{"EnvironmentVariables":{},"DataCollectionEventsPort":65497}}
TpTrace Information: 0 : 26672, 1, 2023/02/21, 17:24:04.154, 7231373142990, vstest.console.dll, ProxyDataCollectionManager.BeforeTestRunStart: SendBeforeTestRunStartAndGetResult successful, env variable from datacollector:   and testhost port: 65497
TpTrace Information: 0 : 26672, 1, 2023/02/21, 17:24:04.154, 7231373143736, vstest.console.dll, ProxyDataCollectionManager.InvokeDataCollectionServiceAction: Completed.
TpTrace Verbose: 0 : 26672, 1, 2023/02/21, 17:24:04.155, 7231373144891, vstest.console.dll, ProxyParallelExecutionManager: No sources available for execution.
TpTrace Verbose: 0 : 26672, 7, 2023/02/21, 17:24:04.155, 7231373144939, vstest.console.dll, ParallelProxyExecutionManager: Execution started. Started clients: 1
TpTrace Information: 0 : 26672, 1, 2023/02/21, 17:24:04.155, 7231373145375, vstest.console.dll, TestRunRequest.ExecuteAsync: Started.
TpTrace Verbose: 0 : 26672, 1, 2023/02/21, 17:24:04.155, 7231373146349, vstest.console.dll, TestRunRequest.WaitForCompletion: Waiting with timeout -1.
TpTrace Verbose: 0 : 26672, 7, 2023/02/21, 17:24:04.155, 7231373147258, vstest.console.dll, TestRunRequest:SendTestRunMessage: Starting.
TpTrace Verbose: 0 : 26672, 7, 2023/02/21, 17:24:04.155, 7231373148396, vstest.console.dll, MulticastDelegateUtilities.SafeInvoke: TestRun.LogMessages: Invoking callback 1/1 for Microsoft.VisualStudio.TestPlatform.CommandLine.TestRunResultAggregator.TestRunMessageHandler, took 0 ms.
TpTrace Information: 0 : 26672, 7, 2023/02/21, 17:24:04.155, 7231373148773, vstest.console.dll, TestRunRequest:SendTestRunMessage: Completed.
TpTrace Verbose: 0 : 26672, 4, 2023/02/21, 17:24:04.155, 7231373148790, vstest.console.dll, MulticastDelegateUtilities.SafeInvoke: InternalTestLoggerEvents.SendTestRunMessage: Invoking callback 1/1 for Microsoft.VisualStudio.TestPlatform.CommandLine.Internal.ConsoleLogger.TestMessageHandler, took 0 ms.
TpTrace Verbose: 0 : 26672, 7, 2023/02/21, 17:24:04.155, 7231373150268, vstest.console.dll, ProxyExecutionManager: Test host is always Lazy initialize.
TpTrace Verbose: 0 : 26672, 7, 2023/02/21, 17:24:04.155, 7231373151875, vstest.console.dll, TestRequestSender.InitializeCommunication: initialize communication. 
TpTrace Information: 0 : 26672, 7, 2023/02/21, 17:24:04.156, 7231373156959, vstest.console.dll, SocketServer.Start: Listening on endpoint : 127.0.0.1:65498
TpTrace Verbose: 0 : 26672, 7, 2023/02/21, 17:24:04.156, 7231373161379, vstest.console.dll, DotnetTestHostmanager.GetTestHostProcessStartInfo: Platform environment 'X64' target architecture 'X64' framework '.NETCoreApp,Version=v6.0' OS 'Windows'
TpTrace Verbose: 0 : 26672, 7, 2023/02/21, 17:24:04.156, 7231373162641, vstest.console.dll, DotnetTestHostmanager: Adding  --runtimeconfig "D:\Training\Programming\TDD\BagsOrganizer\BagsOrganizerTests\bin\Debug\net6.0\fine-code-coverage\build-output\BagsOrganizerTests.runtimeconfig.json" in args
TpTrace Verbose: 0 : 26672, 7, 2023/02/21, 17:24:04.156, 7231373163151, vstest.console.dll, DotnetTestHostmanager: Adding  --depsfile "D:\Training\Programming\TDD\BagsOrganizer\BagsOrganizerTests\bin\Debug\net6.0\fine-code-coverage\build-output\BagsOrganizerTests.deps.json" in args
TpTrace Verbose: 0 : 26672, 7, 2023/02/21, 17:24:04.156, 7231373164417, vstest.console.dll, DotnetTestHostmanager.IsWinOnArm: Current PROCESSOR_ARCHITECTURE from environment variable 'AMD64'
TpTrace Verbose: 0 : 26672, 7, 2023/02/21, 17:24:04.157, 7231373164896, vstest.console.dll, DotnetTestHostmanager.IsWinOnArm: Is Windows on ARM 'False'
TpTrace Verbose: 0 : 26672, 7, 2023/02/21, 17:24:04.157, 7231373165296, vstest.console.dll, DotnetTestHostManager: testhost.exe found at path: D:\Training\Programming\TDD\BagsOrganizer\BagsOrganizerTests\bin\Debug\net6.0\fine-code-coverage\build-output\testhost.exe
TpTrace Verbose: 0 : 26672, 7, 2023/02/21, 17:24:04.157, 7231373165634, vstest.console.dll, DotnetTestHostmanager: Full path of host exe is D:\Training\Programming\TDD\BagsOrganizer\BagsOrganizerTests\bin\Debug\net6.0\fine-code-coverage\build-output\testhost.exe
TpTrace Verbose: 0 : 26672, 7, 2023/02/21, 17:24:04.157, 7231373166541, vstest.console.dll, DotnetTestHostmanager.LaunchTestHostAsync: Found 'VSTEST_WINAPPHOST_DOTNET_ROOT' in env variables, value 'C:\Program Files\dotnet', forwarding to 'DOTNET_ROOT'
TpTrace Verbose: 0 : 26672, 7, 2023/02/21, 17:24:04.157, 7231373167527, vstest.console.dll, DotnetTestHostManager: Starting process 'D:\Training\Programming\TDD\BagsOrganizer\BagsOrganizerTests\bin\Debug\net6.0\fine-code-coverage\build-output\testhost.exe' with command line ' --runtimeconfig "D:\Training\Programming\TDD\BagsOrganizer\BagsOrganizerTests\bin\Debug\net6.0\fine-code-coverage\build-output\BagsOrganizerTests.runtimeconfig.json" --depsfile "D:\Training\Programming\TDD\BagsOrganizer\BagsOrganizerTests\bin\Debug\net6.0\fine-code-coverage\build-output\BagsOrganizerTests.deps.json" --port 65498 --endpoint 127.0.0.1:065498 --role client --parentprocessid 26672 --diag "D:\Training\Programming\TDD\BagsOrganizer\BagsOrganizerTests\bin\Debug\net6.0\fine-code-coverage\coverage-tool-output\diagnostics.host.23-02-21_17-24-04_15645_7.log" --tracelevel 4 --datacollectionport 65497 --telemetryoptedin false'
TpTrace Verbose: 0 : 26672, 7, 2023/02/21, 17:24:04.160, 7231373204439, vstest.console.dll, MulticastDelegateUtilities.SafeInvoke: HostProviderEvents.OnHostLaunched: Invoking callback 1/2 for Microsoft.VisualStudio.TestPlatform.CrossPlatEngine.Client.ProxyExecutionManagerWithDataCollection.TestHostLaunchedHandler, took 0 ms.
TpTrace Verbose: 0 : 26672, 7, 2023/02/21, 17:24:04.161, 7231373205930, vstest.console.dll, Test Runtime launched
TpTrace Verbose: 0 : 26672, 7, 2023/02/21, 17:24:04.161, 7231373206372, vstest.console.dll, MulticastDelegateUtilities.SafeInvoke: HostProviderEvents.OnHostLaunched: Invoking callback 2/2 for Microsoft.VisualStudio.TestPlatform.CrossPlatEngine.Client.ProxyOperationManager.TestHostManagerHostLaunched, took 0 ms.
TpTrace Verbose: 0 : 26672, 7, 2023/02/21, 17:24:04.161, 7231373207349, vstest.console.dll, TestRequestSender.WaitForRequestHandlerConnection: waiting for connection with timeout: 90000.
TpTrace Verbose: 0 : 26672, 7, 2023/02/21, 17:24:04.268, 7231374279943, vstest.console.dll, TestRequestSender.WaitForRequestHandlerConnection: waiting took 107 ms, with timeout 90000 ms, and result 0, which is success.
TpTrace Verbose: 0 : 26672, 13, 2023/02/21, 17:24:04.268, 7231374279943, vstest.console.dll, MulticastDelegateUtilities.SafeInvoke: SocketServer: ClientConnected: Invoking callback 1/1 for Microsoft.VisualStudio.TestPlatform.CommunicationUtilities.TestRequestSender.<InitializeCommunication>b__24_0, took 0 ms.
TpTrace Verbose: 0 : 26672, 13, 2023/02/21, 17:24:04.268, 7231374281521, vstest.console.dll, SocketServer.OnClientConnected: Client connected for endPoint: 127.0.0.1:65498, starting MessageLoopAsync:
TpTrace Verbose: 0 : 26672, 13, 2023/02/21, 17:24:04.269, 7231374285232, vstest.console.dll, TcpClientExtensions.MessageLoopAsync: Polling on remoteEndPoint: 127.0.0.1:65499 localEndPoint: 127.0.0.1:65498
TpTrace Verbose: 0 : 26672, 7, 2023/02/21, 17:24:04.269, 7231374287417, vstest.console.dll, TestRequestSender.CheckVersionWithTestHost: Sending check version message: {"MessageType":"ProtocolVersion","Payload":7}
TpTrace Verbose: 0 : 26672, 13, 2023/02/21, 17:24:04.379, 7231375389922, vstest.console.dll, TcpClientExtensions.MessageLoopAsync: NotifyDataAvailable remoteEndPoint: 127.0.0.1:65499 localEndPoint: 127.0.0.1:65498
TpTrace Verbose: 0 : 26672, 13, 2023/02/21, 17:24:04.379, 7231375391590, vstest.console.dll, TestRequestSender.CheckVersionWithTestHost: onMessageReceived received message: (ProtocolVersion) -> {"MessageType":"ProtocolVersion","Payload":5}
TpTrace Verbose: 0 : 26672, 13, 2023/02/21, 17:24:04.380, 7231375396491, vstest.console.dll, MulticastDelegateUtilities.SafeInvoke: LengthPrefixCommunicationChannel: MessageReceived: Invoking callback 1/1 for Microsoft.VisualStudio.TestPlatform.CommunicationUtilities.TestRequestSender+<>c__DisplayClass26_0.<CheckVersionWithTestHost>b__0, took 0 ms.
TpTrace Verbose: 0 : 26672, 13, 2023/02/21, 17:24:04.380, 7231375397041, vstest.console.dll, TcpClientExtensions.MessageLoopAsync: Polling on remoteEndPoint: 127.0.0.1:65499 localEndPoint: 127.0.0.1:65498
TpTrace Verbose: 0 : 26672, 7, 2023/02/21, 17:24:04.380, 7231375397327, vstest.console.dll, TestPluginCache.GetExtensionPaths: Filtered extension paths: 
TpTrace Verbose: 0 : 26672, 7, 2023/02/21, 17:24:04.380, 7231375397784, vstest.console.dll, TestPluginCache.GetExtensionPaths: Added default extension paths: C:\Program Files\dotnet\sdk\6.0.400\Extensions\Microsoft.Diagnostics.NETCore.Client.dll
C:\Program Files\dotnet\sdk\6.0.400\Extensions\Microsoft.TestPlatform.Extensions.BlameDataCollector.dll
C:\Program Files\dotnet\sdk\6.0.400\Extensions\Microsoft.TestPlatform.Extensions.EventLogCollector.dll
C:\Program Files\dotnet\sdk\6.0.400\Extensions\Microsoft.TestPlatform.TestHostRuntimeProvider.dll
C:\Program Files\dotnet\sdk\6.0.400\Extensions\Microsoft.VisualStudio.TestPlatform.Extensions.Html.TestLogger.dll
C:\Program Files\dotnet\sdk\6.0.400\Extensions\Microsoft.VisualStudio.TestPlatform.Extensions.Trx.TestLogger.dll
TpTrace Verbose: 0 : 26672, 7, 2023/02/21, 17:24:04.380, 7231375398091, vstest.console.dll, TestPluginCache.GetExtensionPaths: Added unfilterableExtensionPaths: 
TpTrace Verbose: 0 : 26672, 7, 2023/02/21, 17:24:04.382, 7231375420775, vstest.console.dll, TestRequestSender.InitializeExecution: Sending initialize execution with message: {"Version":5,"MessageType":"TestExecution.Initialize","Payload":["D:\\Training\\Programming\\TDD\\BagsOrganizer\\BagsOrganizerTests\\bin\\Debug\\net6.0\\fine-code-coverage\\build-output\\xunit.runner.visualstudio.dotnetcore.testadapter.dll"]}
TpTrace Warning: 0 : 26672, 7, 2023/02/21, 17:24:04.382, 7231375424187, vstest.console.dll, InferRunSettingsHelper.MakeRunsettingsCompatible: Removing the following settings: TargetPlatform from RunSettings file. To use those settings please move to latest version of Microsoft.NET.Test.Sdk
TpTrace Verbose: 0 : 26672, 13, 2023/02/21, 17:24:04.387, 7231375471467, vstest.console.dll, TcpClientExtensions.MessageLoopAsync: NotifyDataAvailable remoteEndPoint: 127.0.0.1:65499 localEndPoint: 127.0.0.1:65498
TpTrace Verbose: 0 : 26672, 13, 2023/02/21, 17:24:04.387, 7231375472594, vstest.console.dll, TestRequestSender.OnExecutionMessageReceived: Received message: {"Version":5,"MessageType":"TestSession.Message","Payload":{"MessageLevel":0,"Message":"Logging TestHost Diagnostics in file: D:\\Training\\Programming\\TDD\\BagsOrganizer\\BagsOrganizerTests\\bin\\Debug\\net6.0\\fine-code-coverage\\coverage-tool-output\\diagnostics.host.23-02-21_17-24-04_15645_7.log"}}
TpTrace Verbose: 0 : 26672, 7, 2023/02/21, 17:24:04.389, 7231375486933, vstest.console.dll, TestRequestSender.StartTestRun: Sending test run with message: {"Version":5,"MessageType":"TestExecution.StartWithSources","Payload":{"AdapterSourceMap":{"_none_":["D:\\Training\\Programming\\TDD\\BagsOrganizer\\BagsOrganizerTests\\bin\\Debug\\net6.0\\fine-code-coverage\\build-output\\BagsOrganizerTests.dll"]},"RunSettings":"<RunSettings>\r\n  <RunConfiguration>\r\n    <ResultsDirectory>D:\\Training\\Programming\\TDD\\BagsOrganizer\\BagsOrganizerTests\\bin\\Debug\\net6.0\\fine-code-coverage\\coverage-tool-output</ResultsDirectory>\r\n    <TargetFrameworkVersion>.NETCoreApp,Version=v6.0</TargetFrameworkVersion>\r\n    <DesignMode>False</DesignMode>\r\n    <CollectSourceInformation>False</CollectSourceInformation>\r\n  </RunConfiguration>\r\n  <LoggerRunSettings>\r\n    <Loggers>\r\n      <Logger friendlyName=\"blame\" enabled=\"True\" />\r\n      <Logger friendlyName=\"Console\" uri=\"logger://microsoft/TestPlatform/ConsoleLogger/v1\" assemblyQualifiedName=\"Microsoft.VisualStudio.TestPlatform.CommandLine.Internal.ConsoleLogger, vstest.console, Version=15.0.0.0, Culture=neutral, PublicKeyToken=b03f5f7f11d50a3a\" codeBase=\"C:\\Program Files\\dotnet\\sdk\\6.0.400\\vstest.console.dll\" enabled=\"True\" />\r\n    </Loggers>\r\n  </LoggerRunSettings>\r\n  <DataCollectionRunSettings>\r\n    <DataCollectors>\r\n      <DataCollector friendlyName=\"blame\" enabled=\"True\">\r\n        <Configuration>\r\n          <ResultsDirectory>D:\\Training\\Programming\\TDD\\BagsOrganizer\\BagsOrganizerTests\\bin\\Debug\\net6.0\\fine-code-coverage\\coverage-tool-output</ResultsDirectory>\r\n        </Configuration>\r\n      </DataCollector>\r\n    </DataCollectors>\r\n  </DataCollectionRunSettings>\r\n</RunSettings>","TestExecutionContext":{"FrequencyOfRunStatsChangeEvent":10,"RunStatsChangeEventTimeout":"00:00:01.5000000","InIsolation":false,"KeepAlive":false,"AreTestCaseLevelEventsRequired":false,"IsDebug":false,"TestCaseFilter":null,"FilterOptions":null},"Package":null}}
TpTrace Verbose: 0 : 26672, 13, 2023/02/21, 17:24:04.389, 7231375490816, vstest.console.dll, TestRunRequest:SendTestRunMessage: Starting.
TpTrace Verbose: 0 : 26672, 13, 2023/02/21, 17:24:04.389, 7231375491480, vstest.console.dll, MulticastDelegateUtilities.SafeInvoke: TestRun.LogMessages: Invoking callback 1/1 for Microsoft.VisualStudio.TestPlatform.CommandLine.TestRunResultAggregator.TestRunMessageHandler, took 0 ms.
TpTrace Information: 0 : 26672, 13, 2023/02/21, 17:24:04.389, 7231375491828, vstest.console.dll, TestRunRequest:SendTestRunMessage: Completed.
TpTrace Verbose: 0 : 26672, 4, 2023/02/21, 17:24:04.389, 7231375491961, vstest.console.dll, MulticastDelegateUtilities.SafeInvoke: InternalTestLoggerEvents.SendTestRunMessage: Invoking callback 1/1 for Microsoft.VisualStudio.TestPlatform.CommandLine.Internal.ConsoleLogger.TestMessageHandler, took 0 ms.
TpTrace Verbose: 0 : 26672, 13, 2023/02/21, 17:24:04.389, 7231375492145, vstest.console.dll, MulticastDelegateUtilities.SafeInvoke: LengthPrefixCommunicationChannel: MessageReceived: Invoking callback 1/1 for Microsoft.VisualStudio.TestPlatform.CommunicationUtilities.TestRequestSender+<>c__DisplayClass31_0.<StartTestRun>b__1, took 1 ms.
TpTrace Verbose: 0 : 26672, 13, 2023/02/21, 17:24:04.389, 7231375492809, vstest.console.dll, TcpClientExtensions.MessageLoopAsync: Polling on remoteEndPoint: 127.0.0.1:65499 localEndPoint: 127.0.0.1:65498
TpTrace Verbose: 0 : 26672, 13, 2023/02/21, 17:24:04.516, 7231376761712, vstest.console.dll, TcpClientExtensions.MessageLoopAsync: NotifyDataAvailable remoteEndPoint: 127.0.0.1:65499 localEndPoint: 127.0.0.1:65498
TpTrace Verbose: 0 : 26672, 13, 2023/02/21, 17:24:04.516, 7231376762711, vstest.console.dll, TestRequestSender.OnExecutionMessageReceived: Received message: {"Version":5,"MessageType":"TestSession.Message","Payload":{"MessageLevel":0,"Message":"[xUnit.net 00:00:00.00] xUnit.net VSTest Adapter v2.4.3+1b45f5407b (64-bit .NET 6.0.8)"}}
TpTrace Verbose: 0 : 26672, 13, 2023/02/21, 17:24:04.516, 7231376763852, vstest.console.dll, TestRunRequest:SendTestRunMessage: Starting.
TpTrace Verbose: 0 : 26672, 13, 2023/02/21, 17:24:04.516, 7231376764299, vstest.console.dll, MulticastDelegateUtilities.SafeInvoke: TestRun.LogMessages: Invoking callback 1/1 for Microsoft.VisualStudio.TestPlatform.CommandLine.TestRunResultAggregator.TestRunMessageHandler, took 0 ms.
TpTrace Information: 0 : 26672, 13, 2023/02/21, 17:24:04.517, 7231376764767, vstest.console.dll, TestRunRequest:SendTestRunMessage: Completed.
TpTrace Verbose: 0 : 26672, 4, 2023/02/21, 17:24:04.517, 7231376765207, vstest.console.dll, MulticastDelegateUtilities.SafeInvoke: InternalTestLoggerEvents.SendTestRunMessage: Invoking callback 1/1 for Microsoft.VisualStudio.TestPlatform.CommandLine.Internal.ConsoleLogger.TestMessageHandler, took 0 ms.
TpTrace Verbose: 0 : 26672, 13, 2023/02/21, 17:24:04.517, 7231376766291, vstest.console.dll, MulticastDelegateUtilities.SafeInvoke: LengthPrefixCommunicationChannel: MessageReceived: Invoking callback 1/1 for Microsoft.VisualStudio.TestPlatform.CommunicationUtilities.TestRequestSender+<>c__DisplayClass31_0.<StartTestRun>b__1, took 0 ms.
TpTrace Verbose: 0 : 26672, 13, 2023/02/21, 17:24:04.517, 7231376766706, vstest.console.dll, TcpClientExtensions.MessageLoopAsync: Polling on remoteEndPoint: 127.0.0.1:65499 localEndPoint: 127.0.0.1:65498
TpTrace Verbose: 0 : 26672, 13, 2023/02/21, 17:24:04.869, 7231380292368, vstest.console.dll, TcpClientExtensions.MessageLoopAsync: NotifyDataAvailable remoteEndPoint: 127.0.0.1:65499 localEndPoint: 127.0.0.1:65498
TpTrace Verbose: 0 : 26672, 13, 2023/02/21, 17:24:04.869, 7231380293694, vstest.console.dll, TestRequestSender.OnExecutionMessageReceived: Received message: {"Version":5,"MessageType":"TestSession.Message","Payload":{"MessageLevel":0,"Message":"[xUnit.net 00:00:00.35]   Discovering: BagsOrganizerTests"}}
TpTrace Verbose: 0 : 26672, 13, 2023/02/21, 17:24:04.870, 7231380295161, vstest.console.dll, TestRunRequest:SendTestRunMessage: Starting.
TpTrace Verbose: 0 : 26672, 13, 2023/02/21, 17:24:04.870, 7231380295959, vstest.console.dll, MulticastDelegateUtilities.SafeInvoke: TestRun.LogMessages: Invoking callback 1/1 for Microsoft.VisualStudio.TestPlatform.CommandLine.TestRunResultAggregator.TestRunMessageHandler, took 0 ms.
TpTrace Verbose: 0 : 26672, 4, 2023/02/21, 17:24:04.870, 7231380296141, vstest.console.dll, MulticastDelegateUtilities.SafeInvoke: InternalTestLoggerEvents.SendTestRunMessage: Invoking callback 1/1 for Microsoft.VisualStudio.TestPlatform.CommandLine.Internal.ConsoleLogger.TestMessageHandler, took 0 ms.
TpTrace Information: 0 : 26672, 13, 2023/02/21, 17:24:04.870, 7231380297343, vstest.console.dll, TestRunRequest:SendTestRunMessage: Completed.
TpTrace Verbose: 0 : 26672, 13, 2023/02/21, 17:24:04.870, 7231380297890, vstest.console.dll, MulticastDelegateUtilities.SafeInvoke: LengthPrefixCommunicationChannel: MessageReceived: Invoking callback 1/1 for Microsoft.VisualStudio.TestPlatform.CommunicationUtilities.TestRequestSender+<>c__DisplayClass31_0.<StartTestRun>b__1, took 0 ms.
TpTrace Verbose: 0 : 26672, 13, 2023/02/21, 17:24:04.870, 7231380298263, vstest.console.dll, TcpClientExtensions.MessageLoopAsync: Polling on remoteEndPoint: 127.0.0.1:65499 localEndPoint: 127.0.0.1:65498
TpTrace Verbose: 0 : 26672, 13, 2023/02/21, 17:24:04.907, 7231380668880, vstest.console.dll, TcpClientExtensions.MessageLoopAsync: NotifyDataAvailable remoteEndPoint: 127.0.0.1:65499 localEndPoint: 127.0.0.1:65498
TpTrace Verbose: 0 : 26672, 13, 2023/02/21, 17:24:04.907, 7231380670459, vstest.console.dll, TestRequestSender.OnExecutionMessageReceived: Received message: {"Version":5,"MessageType":"TestSession.Message","Payload":{"MessageLevel":0,"Message":"[xUnit.net 00:00:00.39]   Discovered:  BagsOrganizerTests"}}
TpTrace Verbose: 0 : 26672, 13, 2023/02/21, 17:24:04.907, 7231380671472, vstest.console.dll, TestRunRequest:SendTestRunMessage: Starting.
TpTrace Verbose: 0 : 26672, 13, 2023/02/21, 17:24:04.907, 7231380672024, vstest.console.dll, MulticastDelegateUtilities.SafeInvoke: TestRun.LogMessages: Invoking callback 1/1 for Microsoft.VisualStudio.TestPlatform.CommandLine.TestRunResultAggregator.TestRunMessageHandler, took 0 ms.
TpTrace Verbose: 0 : 26672, 4, 2023/02/21, 17:24:04.907, 7231380672226, vstest.console.dll, MulticastDelegateUtilities.SafeInvoke: InternalTestLoggerEvents.SendTestRunMessage: Invoking callback 1/1 for Microsoft.VisualStudio.TestPlatform.CommandLine.Internal.ConsoleLogger.TestMessageHandler, took 0 ms.
TpTrace Information: 0 : 26672, 13, 2023/02/21, 17:24:04.907, 7231380672979, vstest.console.dll, TestRunRequest:SendTestRunMessage: Completed.
TpTrace Verbose: 0 : 26672, 13, 2023/02/21, 17:24:04.907, 7231380673944, vstest.console.dll, MulticastDelegateUtilities.SafeInvoke: LengthPrefixCommunicationChannel: MessageReceived: Invoking callback 1/1 for Microsoft.VisualStudio.TestPlatform.CommunicationUtilities.TestRequestSender+<>c__DisplayClass31_0.<StartTestRun>b__1, took 0 ms.
TpTrace Verbose: 0 : 26672, 13, 2023/02/21, 17:24:04.908, 7231380674986, vstest.console.dll, TcpClientExtensions.MessageLoopAsync: Polling on remoteEndPoint: 127.0.0.1:65499 localEndPoint: 127.0.0.1:65498
TpTrace Verbose: 0 : 26672, 13, 2023/02/21, 17:24:04.910, 7231380696638, vstest.console.dll, TcpClientExtensions.MessageLoopAsync: NotifyDataAvailable remoteEndPoint: 127.0.0.1:65499 localEndPoint: 127.0.0.1:65498
TpTrace Verbose: 0 : 26672, 13, 2023/02/21, 17:24:04.910, 7231380697997, vstest.console.dll, TestRequestSender.OnExecutionMessageReceived: Received message: {"Version":5,"MessageType":"TestSession.Message","Payload":{"MessageLevel":0,"Message":"[xUnit.net 00:00:00.40]   Starting:    BagsOrganizerTests"}}
TpTrace Verbose: 0 : 26672, 13, 2023/02/21, 17:24:04.910, 7231380699036, vstest.console.dll, TestRunRequest:SendTestRunMessage: Starting.
TpTrace Verbose: 0 : 26672, 13, 2023/02/21, 17:24:04.910, 7231380699492, vstest.console.dll, MulticastDelegateUtilities.SafeInvoke: TestRun.LogMessages: Invoking callback 1/1 for Microsoft.VisualStudio.TestPlatform.CommandLine.TestRunResultAggregator.TestRunMessageHandler, took 0 ms.
TpTrace Information: 0 : 26672, 13, 2023/02/21, 17:24:04.910, 7231380699779, vstest.console.dll, TestRunRequest:SendTestRunMessage: Completed.
TpTrace Verbose: 0 : 26672, 13, 2023/02/21, 17:24:04.910, 7231380700020, vstest.console.dll, MulticastDelegateUtilities.SafeInvoke: LengthPrefixCommunicationChannel: MessageReceived: Invoking callback 1/1 for Microsoft.VisualStudio.TestPlatform.CommunicationUtilities.TestRequestSender+<>c__DisplayClass31_0.<StartTestRun>b__1, took 0 ms.
TpTrace Verbose: 0 : 26672, 4, 2023/02/21, 17:24:04.910, 7231380700193, vstest.console.dll, MulticastDelegateUtilities.SafeInvoke: InternalTestLoggerEvents.SendTestRunMessage: Invoking callback 1/1 for Microsoft.VisualStudio.TestPlatform.CommandLine.Internal.ConsoleLogger.TestMessageHandler, took 0 ms.
TpTrace Verbose: 0 : 26672, 13, 2023/02/21, 17:24:04.910, 7231380700269, vstest.console.dll, TcpClientExtensions.MessageLoopAsync: Polling on remoteEndPoint: 127.0.0.1:65499 localEndPoint: 127.0.0.1:65498
TpTrace Verbose: 0 : 26672, 13, 2023/02/21, 17:24:05.022, 7231381824071, vstest.console.dll, TcpClientExtensions.MessageLoopAsync: NotifyDataAvailable remoteEndPoint: 127.0.0.1:65499 localEndPoint: 127.0.0.1:65498
TpTrace Verbose: 0 : 26672, 13, 2023/02/21, 17:24:05.023, 7231381826697, vstest.console.dll, TestRequestSender.OnExecutionMessageReceived: Received message: {"Version":5,"MessageType":"TestExecution.StatsChange","Payload":{"NewTestResults":[{"TestCase":{"Id":"7fee5daf-7e49-cb58-891b-3c249e1a5d0c","FullyQualifiedName":"BagsOrganizerTests.OrganizerTests.FillUpSecondBag","DisplayName":"BagsOrganizerTests.OrganizerTests.FillUpSecondBag","ExecutorUri":"executor://xunit/VsTestRunner2/netcoreapp","Source":"D:\\Training\\Programming\\TDD\\BagsOrganizer\\BagsOrganizerTests\\bin\\Debug\\net6.0\\fine-code-coverage\\build-output\\BagsOrganizerTests.dll","CodeFilePath":null,"LineNumber":0,"Properties":[]},"Attachments":[],"Outcome":1,"ErrorMessage":null,"ErrorStackTrace":null,"DisplayName":"BagsOrganizerTests.OrganizerTests.FillUpSecondBag","Messages":[],"ComputerName":"RTCMW030777","Duration":"00:00:00.0073904","StartTime":"2023-02-21T16:24:04.9715483+00:00","EndTime":"2023-02-21T16:24:04.971568+00:00","Properties":[]},{"TestCase":{"Id":"a3383ff5-89d6-d23a-31bd-231647e74b4b","FullyQualifiedName":"BagsOrganizerTests.OrganizerTests.AddOneItemToFirsttBag","DisplayName":"BagsOrganizerTests.OrganizerTests.AddOneItemToFirsttBag","ExecutorUri":"executor://xunit/VsTestRunner2/netcoreapp","Source":"D:\\Training\\Programming\\TDD\\BagsOrganizer\\BagsOrganizerTests\\bin\\Debug\\net6.0\\fine-code-coverage\\build-output\\BagsOrganizerTests.dll","CodeFilePath":null,"LineNumber":0,"Properties":[]},"Attachments":[],"Outcome":1,"ErrorMessage":null,"ErrorStackTrace":null,"DisplayName":"BagsOrganizerTests.OrganizerTests.AddOneItemToFirsttBag","Messages":[],"ComputerName":"RTCMW030777","Duration":"00:00:00.0001584","StartTime":"2023-02-21T16:24:04.9868063+00:00","EndTime":"2023-02-21T16:24:04.9868064+00:00","Properties":[]},{"TestCase":{"Id":"2bd82c2c-92de-3f61-663e-02238cb6a5c6","FullyQualifiedName":"BagsOrganizerTests.OrganizerTests.FillUpBackpack","DisplayName":"BagsOrganizerTests.OrganizerTests.FillUpBackpack","ExecutorUri":"executor://xunit/VsTestRunner2/netcoreapp","Source":"D:\\Training\\Programming\\TDD\\BagsOrganizer\\BagsOrganizerTests\\bin\\Debug\\net6.0\\fine-code-coverage\\build-output\\BagsOrganizerTests.dll","CodeFilePath":null,"LineNumber":0,"Properties":[]},"Attachments":[],"Outcome":1,"ErrorMessage":null,"ErrorStackTrace":null,"DisplayName":"BagsOrganizerTests.OrganizerTests.FillUpBackpack","Messages":[],"ComputerName":"RTCMW030777","Duration":"00:00:00.0001150","StartTime":"2023-02-21T16:24:04.9882884+00:00","EndTime":"2023-02-21T16:24:04.9882885+00:00","Properties":[]},{"TestCase":{"Id":"59d712f7-004c-937f-df78-2586c9787c9b","FullyQualifiedName":"BagsOrganizerTests.OrganizerTests.Categories","DisplayName":"BagsOrganizerTests.OrganizerTests.Categories","ExecutorUri":"executor://xunit/VsTestRunner2/netcoreapp","Source":"D:\\Training\\Programming\\TDD\\BagsOrganizer\\BagsOrganizerTests\\bin\\Debug\\net6.0\\fine-code-coverage\\build-output\\BagsOrganizerTests.dll","CodeFilePath":null,"LineNumber":0,"Properties":[]},"Attachments":[],"Outcome":1,"ErrorMessage":null,"ErrorStackTrace":null,"DisplayName":"BagsOrganizerTests.OrganizerTests.Categories","Messages":[],"ComputerName":"RTCMW030777","Duration":"00:00:00.0043427","StartTime":"2023-02-21T16:24:04.9897411+00:00","EndTime":"2023-02-21T16:24:04.9897412+00:00","Properties":[]},{"TestCase":{"Id":"7013f677-14f9-7417-6c5a-a792036cd7f6","FullyQualifiedName":"BagsOrganizerTests.OrganizerTests.AddOneItemToBackpack","DisplayName":"BagsOrganizerTests.OrganizerTests.AddOneItemToBackpack","ExecutorUri":"executor://xunit/VsTestRunner2/netcoreapp","Source":"D:\\Training\\Programming\\TDD\\BagsOrganizer\\BagsOrganizerTests\\bin\\Debug\\net6.0\\fine-code-coverage\\build-output\\BagsOrganizerTests.dll","CodeFilePath":null,"LineNumber":0,"Properties":[]},"Attachments":[],"Outcome":1,"ErrorMessage":null,"ErrorStackTrace":null,"DisplayName":"BagsOrganizerTests.OrganizerTests.AddOneItemToBackpack","Messages":[],"ComputerName":"RTCMW030777","Duration":"00:00:00.0001526","StartTime":"2023-02-21T16:24:04.9912333+00:00","EndTime":"2023-02-21T16:24:04.9912334+00:00","Properties":[]},{"TestCase":{"Id":"cf14d772-bb34-e41a-975e-a01e75adfc4e","FullyQualifiedName":"BagsOrganizerTests.OrganizerTests.AddOneItemToSecondBag","DisplayName":"BagsOrganizerTests.OrganizerTests.AddOneItemToSecondBag","ExecutorUri":"executor://xunit/VsTestRunner2/netcoreapp","Source":"D:\\Training\\Programming\\TDD\\BagsOrganizer\\BagsOrganizerTests\\bin\\Debug\\net6.0\\fine-code-coverage\\build-output\\BagsOrganizerTests.dll","CodeFilePath":null,"LineNumber":0,"Properties":[]},"Attachments":[],"Outcome":1,"ErrorMessage":null,"ErrorStackTrace":null,"DisplayName":"BagsOrganizerTests.OrganizerTests.AddOneItemToSecondBag","Messages":[],"ComputerName":"RTCMW030777","Duration":"00:00:00.0002043","StartTime":"2023-02-21T16:24:04.9926987+00:00","EndTime":"2023-02-21T16:24:04.9926989+00:00","Properties":[]},{"TestCase":{"Id":"949ce762-e416-8245-a294-aef6b75b1a4e","FullyQualifiedName":"BagsOrganizerTests.OrganizerTests.FillUpFirstBag","DisplayName":"BagsOrganizerTests.OrganizerTests.FillUpFirstBag","ExecutorUri":"executor://xunit/VsTestRunner2/netcoreapp","Source":"D:\\Training\\Programming\\TDD\\BagsOrganizer\\BagsOrganizerTests\\bin\\Debug\\net6.0\\fine-code-coverage\\build-output\\BagsOrganizerTests.dll","CodeFilePath":null,"LineNumber":0,"Properties":[]},"Attachments":[],"Outcome":1,"ErrorMessage":null,"ErrorStackTrace":null,"DisplayName":"BagsOrganizerTests.OrganizerTests.FillUpFirstBag","Messages":[],"ComputerName":"RTCMW030777","Duration":"00:00:00.0002003","StartTime":"2023-02-21T16:24:04.9942672+00:00","EndTime":"2023-02-21T16:24:04.9942673+00:00","Properties":[]},{"TestCase":{"Id":"975b52df-88cb-9dfd-909b-2226a06940c3","FullyQualifiedName":"BagsOrganizerTests.OrganizerTests.AddWrongItem","DisplayName":"BagsOrganizerTests.OrganizerTests.AddWrongItem","ExecutorUri":"executor://xunit/VsTestRunner2/netcoreapp","Source":"D:\\Training\\Programming\\TDD\\BagsOrganizer\\BagsOrganizerTests\\bin\\Debug\\net6.0\\fine-code-coverage\\build-output\\BagsOrganizerTests.dll","CodeFilePath":null,"LineNumber":0,"Properties":[]},"Attachments":[],"Outcome":1,"ErrorMessage":null,"ErrorStackTrace":null,"DisplayName":"BagsOrganizerTests.OrganizerTests.AddWrongItem","Messages":[],"ComputerName":"RTCMW030777","Duration":"00:00:00.0005143","StartTime":"2023-02-21T16:24:04.9957785+00:00","EndTime":"2023-02-21T16:24:04.9957786+00:00","Properties":[]},{"TestCase":{"Id":"664085b6-0cd4-e974-c13a-dc1664a99808","FullyQualifiedName":"BagsOrganizerTests.OrganizerTests.CategoryItems","DisplayName":"BagsOrganizerTests.OrganizerTests.CategoryItems","ExecutorUri":"executor://xunit/VsTestRunner2/netcoreapp","Source":"D:\\Training\\Programming\\TDD\\BagsOrganizer\\BagsOrganizerTests\\bin\\Debug\\net6.0\\fine-code-coverage\\build-output\\BagsOrganizerTests.dll","CodeFilePath":null,"LineNumber":0,"Properties":[]},"Attachments":[],"Outcome":1,"ErrorMessage":null,"ErrorStackTrace":null,"DisplayName":"BagsOrganizerTests.OrganizerTests.CategoryItems","Messages":[],"ComputerName":"RTCMW030777","Duration":"00:00:00.0003602","StartTime":"2023-02-21T16:24:04.9969166+00:00","EndTime":"2023-02-21T16:24:04.9969167+00:00","Properties":[]}],"TestRunStatistics":{"ExecutedTests":9,"Stats":{"Passed":9}},"ActiveTests":[{"Id":"f9b4aa33-8442-edc9-baa9-c9e1d616835e","FullyQualifiedName":"BagsOrganizerTests.OrganizerTests.AddOneItemToThirdBag","DisplayName":"BagsOrganizerTests.OrganizerTests.AddOneItemToThirdBag","ExecutorUri":"executor://xunit/VsTestRunner2/netcoreapp","Source":"D:\\Training\\Programming\\TDD\\BagsOrganizer\\BagsOrganizerTests\\bin\\Debug\\net6.0\\fine-code-coverage\\build-output\\BagsOrganizerTests.dll","CodeFilePath":null,"LineNumber":0,"Properties":[]}]}}
TpTrace Verbose: 0 : 26672, 13, 2023/02/21, 17:24:05.043, 7231382026497, vstest.console.dll, TestRunRequest:SendTestRunStatsChange: Starting.
TpTrace Verbose: 0 : 26672, 13, 2023/02/21, 17:24:05.043, 7231382027693, vstest.console.dll, InProgress is BagsOrganizerTests.OrganizerTests.AddOneItemToThirdBag
TpTrace Verbose: 0 : 26672, 13, 2023/02/21, 17:24:05.043, 7231382029812, vstest.console.dll, MulticastDelegateUtilities.SafeInvoke: TestRun.RunStatsChanged: Invoking callbacks was skipped because there are no subscribers.
TpTrace Information: 0 : 26672, 13, 2023/02/21, 17:24:05.043, 7231382030189, vstest.console.dll, TestRunRequest:SendTestRunStatsChange: Completed.
TpTrace Verbose: 0 : 26672, 13, 2023/02/21, 17:24:05.043, 7231382030589, vstest.console.dll, MulticastDelegateUtilities.SafeInvoke: LengthPrefixCommunicationChannel: MessageReceived: Invoking callback 1/1 for Microsoft.VisualStudio.TestPlatform.CommunicationUtilities.TestRequestSender+<>c__DisplayClass31_0.<StartTestRun>b__1, took 20 ms.
TpTrace Verbose: 0 : 26672, 13, 2023/02/21, 17:24:05.043, 7231382030940, vstest.console.dll, TcpClientExtensions.MessageLoopAsync: Polling on remoteEndPoint: 127.0.0.1:65499 localEndPoint: 127.0.0.1:65498
TpTrace Verbose: 0 : 26672, 13, 2023/02/21, 17:24:05.043, 7231382031263, vstest.console.dll, TcpClientExtensions.MessageLoopAsync: NotifyDataAvailable remoteEndPoint: 127.0.0.1:65499 localEndPoint: 127.0.0.1:65498
TpTrace Verbose: 0 : 26672, 13, 2023/02/21, 17:24:05.043, 7231382031708, vstest.console.dll, TestRequestSender.OnExecutionMessageReceived: Received message: {"Version":5,"MessageType":"TestSession.Message","Payload":{"MessageLevel":0,"Message":"[xUnit.net 00:00:00.51]   Finished:    BagsOrganizerTests"}}
TpTrace Verbose: 0 : 26672, 13, 2023/02/21, 17:24:05.043, 7231382032387, vstest.console.dll, TestRunRequest:SendTestRunMessage: Starting.
TpTrace Verbose: 0 : 26672, 13, 2023/02/21, 17:24:05.043, 7231382032763, vstest.console.dll, MulticastDelegateUtilities.SafeInvoke: TestRun.LogMessages: Invoking callback 1/1 for Microsoft.VisualStudio.TestPlatform.CommandLine.TestRunResultAggregator.TestRunMessageHandler, took 0 ms.
TpTrace Information: 0 : 26672, 13, 2023/02/21, 17:24:05.043, 7231382032988, vstest.console.dll, TestRunRequest:SendTestRunMessage: Completed.
TpTrace Verbose: 0 : 26672, 13, 2023/02/21, 17:24:05.043, 7231382033200, vstest.console.dll, MulticastDelegateUtilities.SafeInvoke: LengthPrefixCommunicationChannel: MessageReceived: Invoking callback 1/1 for Microsoft.VisualStudio.TestPlatform.CommunicationUtilities.TestRequestSender+<>c__DisplayClass31_0.<StartTestRun>b__1, took 0 ms.
TpTrace Verbose: 0 : 26672, 13, 2023/02/21, 17:24:05.043, 7231382033470, vstest.console.dll, TcpClientExtensions.MessageLoopAsync: Polling on remoteEndPoint: 127.0.0.1:65499 localEndPoint: 127.0.0.1:65498
TpTrace Verbose: 0 : 26672, 13, 2023/02/21, 17:24:05.043, 7231382033735, vstest.console.dll, TcpClientExtensions.MessageLoopAsync: NotifyDataAvailable remoteEndPoint: 127.0.0.1:65499 localEndPoint: 127.0.0.1:65498
TpTrace Verbose: 0 : 26672, 13, 2023/02/21, 17:24:05.043, 7231382034319, vstest.console.dll, TestRequestSender.OnExecutionMessageReceived: Received message: {"Version":5,"MessageType":"TestExecution.Completed","Payload":{"TestRunCompleteArgs":{"TestRunStatistics":{"ExecutedTests":12,"Stats":{"Passed":12}},"IsCanceled":false,"IsAborted":false,"Error":null,"AttachmentSets":[],"ElapsedTimeInRunningTests":"00:00:00.5275783","Metrics":{}},"LastRunTests":{"NewTestResults":[{"TestCase":{"Id":"f9b4aa33-8442-edc9-baa9-c9e1d616835e","FullyQualifiedName":"BagsOrganizerTests.OrganizerTests.AddOneItemToThirdBag","DisplayName":"BagsOrganizerTests.OrganizerTests.AddOneItemToThirdBag","ExecutorUri":"executor://xunit/VsTestRunner2/netcoreapp","Source":"D:\\Training\\Programming\\TDD\\BagsOrganizer\\BagsOrganizerTests\\bin\\Debug\\net6.0\\fine-code-coverage\\build-output\\BagsOrganizerTests.dll","CodeFilePath":null,"LineNumber":0,"Properties":[]},"Attachments":[],"Outcome":1,"ErrorMessage":null,"ErrorStackTrace":null,"DisplayName":"BagsOrganizerTests.OrganizerTests.AddOneItemToThirdBag","Messages":[],"ComputerName":"RTCMW030777","Duration":"00:00:00.0002620","StartTime":"2023-02-21T16:24:05.0240393+00:00","EndTime":"2023-02-21T16:24:05.0240395+00:00","Properties":[]},{"TestCase":{"Id":"3e74cecb-a7b8-5f0b-2832-a7014b660d4d","FullyQualifiedName":"BagsOrganizerTests.OrganizerTests.AddTwoItemsToBackpack","DisplayName":"BagsOrganizerTests.OrganizerTests.AddTwoItemsToBackpack","ExecutorUri":"executor://xunit/VsTestRunner2/netcoreapp","Source":"D:\\Training\\Programming\\TDD\\BagsOrganizer\\BagsOrganizerTests\\bin\\Debug\\net6.0\\fine-code-coverage\\build-output\\BagsOrganizerTests.dll","CodeFilePath":null,"LineNumber":0,"Properties":[]},"Attachments":[],"Outcome":1,"ErrorMessage":null,"ErrorStackTrace":null,"DisplayName":"BagsOrganizerTests.OrganizerTests.AddTwoItemsToBackpack","Messages":[],"ComputerName":"RTCMW030777","Duration":"00:00:00.0000777","StartTime":"2023-02-21T16:24:05.0258202+00:00","EndTime":"2023-02-21T16:24:05.0258204+00:00","Properties":[]},{"TestCase":{"Id":"c0964706-35bc-b7ee-1b17-562cc7f81ef8","FullyQualifiedName":"BagsOrganizerTests.OrganizerTests.EmptyBackPack","DisplayName":"BagsOrganizerTests.OrganizerTests.EmptyBackPack","ExecutorUri":"executor://xunit/VsTestRunner2/netcoreapp","Source":"D:\\Training\\Programming\\TDD\\BagsOrganizer\\BagsOrganizerTests\\bin\\Debug\\net6.0\\fine-code-coverage\\build-output\\BagsOrganizerTests.dll","CodeFilePath":null,"LineNumber":0,"Properties":[]},"Attachments":[],"Outcome":1,"ErrorMessage":null,"ErrorStackTrace":null,"DisplayName":"BagsOrganizerTests.OrganizerTests.EmptyBackPack","Messages":[],"ComputerName":"RTCMW030777","Duration":"00:00:00.0001372","StartTime":"2023-02-21T16:24:05.0275319+00:00","EndTime":"2023-02-21T16:24:05.027532+00:00","Properties":[]}],"TestRunStatistics":{"ExecutedTests":12,"Stats":{"Passed":12}},"ActiveTests":[]},"RunAttachments":[],"ExecutorUris":["executor://xunit/VsTestRunner2/netcoreapp"]}}
TpTrace Verbose: 0 : 26672, 13, 2023/02/21, 17:24:05.044, 7231382035178, vstest.console.dll, TestRequestSender.EndSession: Sending end session.
TpTrace Verbose: 0 : 26672, 13, 2023/02/21, 17:24:05.044, 7231382036621, vstest.console.dll, ProxyOperationManager.Close: waiting for test host to exit for 100 ms
TpTrace Verbose: 0 : 26672, 4, 2023/02/21, 17:24:05.049, 7231382089763, vstest.console.dll, MulticastDelegateUtilities.SafeInvoke: InternalTestLoggerEvents.SendTestResult: Invoking callback 1/1 for Microsoft.VisualStudio.TestPlatform.CommandLine.Internal.ConsoleLogger.TestResultHandler, took 5 ms.
TpTrace Verbose: 0 : 26672, 4, 2023/02/21, 17:24:05.049, 7231382090859, vstest.console.dll, MulticastDelegateUtilities.SafeInvoke: InternalTestLoggerEvents.SendTestResult: Invoking callback 1/1 for Microsoft.VisualStudio.TestPlatform.CommandLine.Internal.ConsoleLogger.TestResultHandler, took 0 ms.
TpTrace Verbose: 0 : 26672, 4, 2023/02/21, 17:24:05.049, 7231382091337, vstest.console.dll, MulticastDelegateUtilities.SafeInvoke: InternalTestLoggerEvents.SendTestResult: Invoking callback 1/1 for Microsoft.VisualStudio.TestPlatform.CommandLine.Internal.ConsoleLogger.TestResultHandler, took 0 ms.
TpTrace Verbose: 0 : 26672, 4, 2023/02/21, 17:24:05.049, 7231382091706, vstest.console.dll, MulticastDelegateUtilities.SafeInvoke: InternalTestLoggerEvents.SendTestResult: Invoking callback 1/1 for Microsoft.VisualStudio.TestPlatform.CommandLine.Internal.ConsoleLogger.TestResultHandler, took 0 ms.
TpTrace Verbose: 0 : 26672, 4, 2023/02/21, 17:24:05.049, 7231382092034, vstest.console.dll, MulticastDelegateUtilities.SafeInvoke: InternalTestLoggerEvents.SendTestResult: Invoking callback 1/1 for Microsoft.VisualStudio.TestPlatform.CommandLine.Internal.ConsoleLogger.TestResultHandler, took 0 ms.
TpTrace Verbose: 0 : 26672, 4, 2023/02/21, 17:24:05.049, 7231382092395, vstest.console.dll, MulticastDelegateUtilities.SafeInvoke: InternalTestLoggerEvents.SendTestResult: Invoking callback 1/1 for Microsoft.VisualStudio.TestPlatform.CommandLine.Internal.ConsoleLogger.TestResultHandler, took 0 ms.
TpTrace Verbose: 0 : 26672, 4, 2023/02/21, 17:24:05.049, 7231382093176, vstest.console.dll, MulticastDelegateUtilities.SafeInvoke: InternalTestLoggerEvents.SendTestResult: Invoking callback 1/1 for Microsoft.VisualStudio.TestPlatform.CommandLine.Internal.ConsoleLogger.TestResultHandler, took 0 ms.
TpTrace Verbose: 0 : 26672, 4, 2023/02/21, 17:24:05.051, 7231382112922, vstest.console.dll, MulticastDelegateUtilities.SafeInvoke: InternalTestLoggerEvents.SendTestResult: Invoking callback 1/1 for Microsoft.VisualStudio.TestPlatform.CommandLine.Internal.ConsoleLogger.TestResultHandler, took 1 ms.
TpTrace Verbose: 0 : 26672, 4, 2023/02/21, 17:24:05.051, 7231382114144, vstest.console.dll, MulticastDelegateUtilities.SafeInvoke: InternalTestLoggerEvents.SendTestResult: Invoking callback 1/1 for Microsoft.VisualStudio.TestPlatform.CommandLine.Internal.ConsoleLogger.TestResultHandler, took 0 ms.
TpTrace Verbose: 0 : 26672, 4, 2023/02/21, 17:24:05.052, 7231382115022, vstest.console.dll, MulticastDelegateUtilities.SafeInvoke: InternalTestLoggerEvents.SendTestRunMessage: Invoking callback 1/1 for Microsoft.VisualStudio.TestPlatform.CommandLine.Internal.ConsoleLogger.TestMessageHandler, took 0 ms.
TpTrace Warning: 0 : 26672, 12, 2023/02/21, 17:24:05.054, 7231382139550, vstest.console.dll, TestHostManagerCallbacks.ErrorReceivedCallback Test host standard error line: 
TpTrace Verbose: 0 : 26672, 12, 2023/02/21, 17:24:05.063, 7231382233404, vstest.console.dll, TestHostProvider.ExitCallBack: Host exited starting callback.
TpTrace Information: 0 : 26672, 12, 2023/02/21, 17:24:05.064, 7231382237199, vstest.console.dll, TestHostManagerCallbacks.ExitCallBack: Testhost processId: 34704 exited with exitcode: 0 error: ''
TpTrace Verbose: 0 : 26672, 12, 2023/02/21, 17:24:05.064, 7231382237681, vstest.console.dll, DotnetTestHostManager.OnHostExited: invoking OnHostExited callback
TpTrace Verbose: 0 : 26672, 12, 2023/02/21, 17:24:05.064, 7231382238199, vstest.console.dll, CrossPlatEngine.TestHostManagerHostExited: calling on client process exit callback.
TpTrace Information: 0 : 26672, 12, 2023/02/21, 17:24:05.064, 7231382238643, vstest.console.dll, TestRequestSender.OnClientProcessExit: Test host process exited. Standard error: 
TpTrace Information: 0 : 26672, 12, 2023/02/21, 17:24:05.064, 7231382238981, vstest.console.dll, SocketServer.Stop: Stop server endPoint: 127.0.0.1:65498
TpTrace Information: 0 : 26672, 12, 2023/02/21, 17:24:05.064, 7231382239200, vstest.console.dll, SocketServer.Stop: Cancellation requested. Stopping message loop.
TpTrace Information: 0 : 26672, 13, 2023/02/21, 17:24:05.064, 7231382239236, vstest.console.dll, SocketServer.Stop: Stop server endPoint: 127.0.0.1:65498
TpTrace Information: 0 : 26672, 13, 2023/02/21, 17:24:05.064, 7231382239881, vstest.console.dll, SocketServer.Stop: Cancellation requested. Stopping message loop.
TpTrace Verbose: 0 : 26672, 12, 2023/02/21, 17:24:05.064, 7231382239967, vstest.console.dll, MulticastDelegateUtilities.SafeInvoke: HostProviderEvents.OnHostExited: Invoking callback 1/1 for Microsoft.VisualStudio.TestPlatform.CrossPlatEngine.Client.ProxyOperationManager.TestHostManagerHostExited, took 0 ms.
TpTrace Information: 0 : 26672, 13, 2023/02/21, 17:24:05.064, 7231382240236, vstest.console.dll, Closing the connection
TpTrace Verbose: 0 : 26672, 13, 2023/02/21, 17:24:05.064, 7231382242696, vstest.console.dll, ProxyDataCollectionManager.InvokeDataCollectionServiceAction: Starting.
TpTrace Information: 0 : 26672, 13, 2023/02/21, 17:24:05.064, 7231382243099, vstest.console.dll, ProxyDataCollectionManager.AfterTestRunEnd: Get attachment set and invoked data collectors processId: 22648 port: 65495
TpTrace Verbose: 0 : 26672, 13, 2023/02/21, 17:24:05.064, 7231382243483, vstest.console.dll, DataCollectionRequestSender.SendAfterTestRunStartAndGetResult: Send AfterTestRunEnd message with isCancelled: False
TpTrace Verbose: 0 : 26672, 13, 2023/02/21, 17:24:05.070, 7231382301292, vstest.console.dll, DataCollectionRequestSender.SendAfterTestRunStartAndGetResult: Received message: (DataCollection.AfterTestRunEndResult) -> {"MessageType":"DataCollection.AfterTestRunEndResult","Payload":{"AttachmentSets":[],"InvokedDataCollectors":[{"Uri":"datacollector://Microsoft/TestPlatform/Extensions/Blame/v1","FriendlyName":"Blame","AssemblyQualifiedName":"Microsoft.TestPlatform.Extensions.BlameDataCollector.BlameCollector, Microsoft.TestPlatform.Extensions.BlameDataCollector, Version=15.0.0.0, Culture=neutral, PublicKeyToken=b03f5f7f11d50a3a","FilePath":"C:\\Program Files\\dotnet\\sdk\\6.0.400\\Extensions\\Microsoft.TestPlatform.Extensions.BlameDataCollector.dll","HasAttachmentProcessor":false}],"Metrics":{}}}
TpTrace Information: 0 : 26672, 13, 2023/02/21, 17:24:05.074, 7231382344205, vstest.console.dll, ProxyDataCollectionManager.InvokeDataCollectionServiceAction: Completed.
TpTrace Verbose: 0 : 26672, 13, 2023/02/21, 17:24:05.107, 7231382666767, vstest.console.dll, TestRunRequest:SendTestRunStatsChange: Starting.
TpTrace Verbose: 0 : 26672, 13, 2023/02/21, 17:24:05.107, 7231382668079, vstest.console.dll, MulticastDelegateUtilities.SafeInvoke: TestRun.RunStatsChanged: Invoking callbacks was skipped because there are no subscribers.
TpTrace Information: 0 : 26672, 13, 2023/02/21, 17:24:05.107, 7231382668677, vstest.console.dll, TestRunRequest:SendTestRunStatsChange: Completed.
TpTrace Verbose: 0 : 26672, 4, 2023/02/21, 17:24:05.107, 7231382669311, vstest.console.dll, MulticastDelegateUtilities.SafeInvoke: InternalTestLoggerEvents.SendTestResult: Invoking callback 1/1 for Microsoft.VisualStudio.TestPlatform.CommandLine.Internal.ConsoleLogger.TestResultHandler, took 0 ms.
TpTrace Verbose: 0 : 26672, 4, 2023/02/21, 17:24:05.107, 7231382670412, vstest.console.dll, MulticastDelegateUtilities.SafeInvoke: InternalTestLoggerEvents.SendTestResult: Invoking callback 1/1 for Microsoft.VisualStudio.TestPlatform.CommandLine.Internal.ConsoleLogger.TestResultHandler, took 0 ms.
TpTrace Verbose: 0 : 26672, 4, 2023/02/21, 17:24:05.107, 7231382670774, vstest.console.dll, MulticastDelegateUtilities.SafeInvoke: InternalTestLoggerEvents.SendTestResult: Invoking callback 1/1 for Microsoft.VisualStudio.TestPlatform.CommandLine.Internal.ConsoleLogger.TestResultHandler, took 0 ms.
TpTrace Verbose: 0 : 26672, 13, 2023/02/21, 17:24:05.107, 7231382671506, vstest.console.dll, ParallelProxyExecutionManager: HandlePartialRunComplete: Total completed clients = 1, Run complete = True, Run canceled: False.
TpTrace Warning: 0 : 26672, 9, 2023/02/21, 17:24:05.111, 7231382705222, vstest.console.dll, DataCollectionLauncher.ErrorReceivedCallback datacollector standard error line: 
TpTrace Information: 0 : 26672, 9, 2023/02/21, 17:24:05.115, 7231382750720, vstest.console.dll, DataCollectionLauncher.ExitCallBack: Data collector exited with exitcode: 0 error: ''
TpTrace Verbose: 0 : 26672, 4, 2023/02/21, 17:24:05.117, 7231382768707, vstest.console.dll, MulticastDelegateUtilities.SafeInvoke: InternalTestLoggerEvents.SendTestRunComplete: Invoking callback 1/2 for Microsoft.TestPlatform.Extensions.BlameDataCollector.BlameLogger.TestRunCompleteHandler, took 0 ms.
TpTrace Verbose: 0 : 26672, 4, 2023/02/21, 17:24:05.121, 7231382812141, vstest.console.dll, MulticastDelegateUtilities.SafeInvoke: InternalTestLoggerEvents.SendTestRunComplete: Invoking callback 2/2 for Microsoft.VisualStudio.TestPlatform.CommandLine.Internal.ConsoleLogger.TestRunCompleteHandler, took 4 ms.
TpTrace Verbose: 0 : 26672, 13, 2023/02/21, 17:24:05.122, 7231382815589, vstest.console.dll, TestRunRequest:TestRunComplete: Starting. IsAborted:False IsCanceled:False.
TpTrace Verbose: 0 : 26672, 13, 2023/02/21, 17:24:05.122, 7231382824206, vstest.console.dll, TestLoggerManager.HandleTestRunComplete: Ignoring as the object is disposed.
TpTrace Verbose: 0 : 26672, 13, 2023/02/21, 17:24:05.123, 7231382825718, vstest.console.dll, MulticastDelegateUtilities.SafeInvoke: TestRun.TestRunComplete: Invoking callback 1/2 for Microsoft.VisualStudio.TestPlatform.CommandLine.TestRunResultAggregator.TestRunCompletionHandler, took 0 ms.
TpTrace Verbose: 0 : 26672, 13, 2023/02/21, 17:24:05.123, 7231382826394, vstest.console.dll, MulticastDelegateUtilities.SafeInvoke: TestRun.TestRunComplete: Invoking callback 2/2 for Microsoft.VisualStudio.TestPlatform.CommandLine.Processors.RunTestsArgumentExecutor+TestRunRequestEventsRegistrar.TestRunRequest_OnRunCompletion, took 0 ms.
TpTrace Information: 0 : 26672, 13, 2023/02/21, 17:24:05.123, 7231382827164, vstest.console.dll, TestRunRequest:TestRunComplete: Completed.
TpTrace Verbose: 0 : 26672, 1, 2023/02/21, 17:24:05.123, 7231382827245, vstest.console.dll, TestRunRequest.Dispose: Starting.
TpTrace Verbose: 0 : 26672, 13, 2023/02/21, 17:24:05.123, 7231382827526, vstest.console.dll, TestRequestSender.SetOperationComplete: Setting operation complete.
TpTrace Information: 0 : 26672, 1, 2023/02/21, 17:24:05.123, 7231382828007, vstest.console.dll, TestRunRequest.Dispose: Completed.
TpTrace Information: 0 : 26672, 13, 2023/02/21, 17:24:05.123, 7231382828247, vstest.console.dll, SocketServer.Stop: Stop server endPoint: 127.0.0.1:65498
TpTrace Information: 0 : 26672, 1, 2023/02/21, 17:24:05.123, 7231382828667, vstest.console.dll, TestRequestManager.RunTests: run tests completed.
TpTrace Information: 0 : 26672, 13, 2023/02/21, 17:24:05.123, 7231382828788, vstest.console.dll, SocketServer.Stop: Cancellation requested. Stopping message loop.
TpTrace Verbose: 0 : 26672, 13, 2023/02/21, 17:24:05.123, 7231382829253, vstest.console.dll, MulticastDelegateUtilities.SafeInvoke: LengthPrefixCommunicationChannel: MessageReceived: Invoking callback 1/1 for Microsoft.VisualStudio.TestPlatform.CommunicationUtilities.TestRequestSender+<>c__DisplayClass31_0.<StartTestRun>b__1, took 79 ms.
TpTrace Information: 0 : 26672, 1, 2023/02/21, 17:24:05.123, 7231382829321, vstest.console.dll, RunTestsArgumentProcessor:Execute: Test run is completed.
TpTrace Information: 0 : 26672, 13, 2023/02/21, 17:24:05.123, 7231382829747, vstest.console.dll, SocketServer.PrivateStop: Stopping server endPoint: 127.0.0.1:65498 error: 
TpTrace Verbose: 0 : 26672, 1, 2023/02/21, 17:24:05.123, 7231382830652, vstest.console.dll, Executor.Execute: Exiting with exit code of 0
TpTrace Verbose: 0 : 26672, 13, 2023/02/21, 17:24:05.123, 7231382832982, vstest.console.dll, LengthPrefixCommunicationChannel.Dispose: Dispose reader and writer.
TpTrace Information: 0 : 26672, 13, 2023/02/21, 17:24:05.123, 7231382833937, vstest.console.dll, SocketServer.Stop: Raise disconnected event endPoint: 127.0.0.1:65498 error: 
TpTrace Verbose: 0 : 26672, 13, 2023/02/21, 17:24:05.123, 7231382834389, vstest.console.dll, TestRequestSender: OnTestRunAbort: Operation is already complete. Skip error message.
